<?xml version="1.0" encoding="UTF-8"?>
<coverage generated="1776934774013" clover="3.2.0">
  <project timestamp="1776934774013" name="All files">
    <metrics statements="127" coveredstatements="112" conditionals="146" coveredconditionals="58" methods="96" coveredmethods="85" elements="369" coveredelements="255" complexity="0" loc="127" ncloc="127" packages="8" files="34" classes="34"/>
    <package name="api">
      <metrics statements="92" coveredstatements="77" conditionals="90" coveredconditionals="25" methods="71" coveredmethods="64"/>
      <file name="ai.js" path="D:\编程-vscode\VUE\pawhub\src\api\ai.js">
        <metrics statements="2" coveredstatements="2" conditionals="0" coveredconditionals="0" methods="2" coveredmethods="2"/>
        <line num="5" count="1" type="stmt"/>
        <line num="12" count="1" type="stmt"/>
      </file>
      <file name="client.js" path="D:\编程-vscode\VUE\pawhub\src\api\client.js">
        <metrics statements="11" coveredstatements="3" conditionals="2" coveredconditionals="0" methods="3" coveredmethods="0"/>
        <line num="3" count="3" type="stmt"/>
        <line num="12" count="3" type="stmt"/>
        <line num="13" count="0" type="stmt"/>
        <line num="15" count="0" type="cond" truecount="0" falsecount="2"/>
        <line num="17" count="0" type="stmt"/>
        <line num="19" count="0" type="stmt"/>
        <line num="22" count="0" type="stmt"/>
        <line num="26" count="3" type="stmt"/>
        <line num="27" count="0" type="stmt"/>
        <line num="29" count="0" type="stmt"/>
        <line num="30" count="0" type="stmt"/>
      </file>
      <file name="messages.js" path="D:\编程-vscode\VUE\pawhub\src\api\messages.js">
        <metrics statements="14" coveredstatements="14" conditionals="8" coveredconditionals="4" methods="9" coveredmethods="9"/>
        <line num="4" count="8" type="stmt"/>
        <line num="6" count="8" type="cond" truecount="2" falsecount="0"/>
        <line num="7" count="2" type="stmt"/>
        <line num="10" count="6" type="stmt"/>
        <line num="16" count="1" type="stmt"/>
        <line num="23" count="1" type="stmt"/>
        <line num="30" count="2" type="stmt"/>
        <line num="39" count="2" type="stmt"/>
        <line num="44" count="1" type="stmt"/>
        <line num="49" count="1" type="stmt"/>
        <line num="55" count="2" type="cond" truecount="2" falsecount="0"/>
        <line num="56" count="1" type="stmt"/>
        <line num="58" count="1" type="stmt"/>
        <line num="63" count="1" type="stmt"/>
      </file>
      <file name="orders.js" path="D:\编程-vscode\VUE\pawhub\src\api\orders.js">
        <metrics statements="11" coveredstatements="9" conditionals="25" coveredconditionals="13" methods="9" coveredmethods="8"/>
        <line num="4" count="1" type="stmt"/>
        <line num="15" count="4" type="cond" truecount="1" falsecount="1"/>
        <line num="16" count="4" type="cond" truecount="2" falsecount="0"/>
        <line num="19" count="0" type="cond" truecount="0" falsecount="2"/>
        <line num="25" count="2" type="stmt"/>
        <line num="31" count="1" type="stmt"/>
        <line num="37" count="2" type="stmt"/>
        <line num="42" count="1" type="stmt"/>
        <line num="47" count="1" type="stmt"/>
        <line num="53" count="1" type="stmt"/>
        <line num="58" count="0" type="stmt"/>
      </file>
      <file name="posts.js" path="D:\编程-vscode\VUE\pawhub\src\api\posts.js">
        <metrics statements="15" coveredstatements="15" conditionals="11" coveredconditionals="3" methods="15" coveredmethods="15"/>
        <line num="4" count="1" type="stmt"/>
        <line num="14" count="1" type="stmt"/>
        <line num="21" count="2" type="stmt"/>
        <line num="31" count="1" type="stmt"/>
        <line num="36" count="1" type="stmt"/>
        <line num="42" count="1" type="stmt"/>
        <line num="47" count="1" type="stmt"/>
        <line num="52" count="1" type="stmt"/>
        <line num="57" count="1" type="stmt"/>
        <line num="63" count="1" type="stmt"/>
        <line num="68" count="1" type="stmt"/>
        <line num="73" count="1" type="stmt"/>
        <line num="78" count="1" type="stmt"/>
        <line num="83" count="1" type="stmt"/>
        <line num="89" count="1" type="stmt"/>
      </file>
      <file name="services.js" path="D:\编程-vscode\VUE\pawhub\src\api\services.js">
        <metrics statements="16" coveredstatements="12" conditionals="29" coveredconditionals="0" methods="14" coveredmethods="12"/>
        <line num="5" count="0" type="stmt"/>
        <line num="20" count="0" type="cond" truecount="0" falsecount="2"/>
        <line num="21" count="0" type="cond" truecount="0" falsecount="2"/>
        <line num="24" count="0" type="cond" truecount="0" falsecount="2"/>
        <line num="30" count="1" type="stmt"/>
        <line num="35" count="1" type="stmt"/>
        <line num="45" count="1" type="stmt"/>
        <line num="55" count="2" type="stmt"/>
        <line num="61" count="1" type="stmt"/>
        <line num="67" count="1" type="stmt"/>
        <line num="72" count="1" type="stmt"/>
        <line num="78" count="1" type="stmt"/>
        <line num="83" count="1" type="stmt"/>
        <line num="88" count="1" type="stmt"/>
        <line num="94" count="1" type="stmt"/>
        <line num="100" count="1" type="stmt"/>
      </file>
      <file name="upload.js" path="D:\编程-vscode\VUE\pawhub\src\api\upload.js">
        <metrics statements="3" coveredstatements="3" conditionals="0" coveredconditionals="0" methods="1" coveredmethods="1"/>
        <line num="5" count="1" type="stmt"/>
        <line num="6" count="1" type="stmt"/>
        <line num="8" count="1" type="stmt"/>
      </file>
      <file name="users.js" path="D:\编程-vscode\VUE\pawhub\src\api\users.js">
        <metrics statements="20" coveredstatements="19" conditionals="15" coveredconditionals="5" methods="18" coveredmethods="17"/>
        <line num="4" count="2" type="cond" truecount="1" falsecount="1"/>
        <line num="5" count="2" type="cond" truecount="2" falsecount="0"/>
        <line num="7" count="2" type="stmt"/>
        <line num="14" count="5" type="cond" truecount="2" falsecount="0"/>
        <line num="20" count="1" type="stmt"/>
        <line num="26" count="1" type="stmt"/>
        <line num="32" count="1" type="stmt"/>
        <line num="38" count="2" type="stmt"/>
        <line num="48" count="1" type="stmt"/>
        <line num="54" count="1" type="stmt"/>
        <line num="60" count="1" type="stmt"/>
        <line num="67" count="1" type="stmt"/>
        <line num="73" count="1" type="stmt"/>
        <line num="79" count="1" type="stmt"/>
        <line num="85" count="1" type="stmt"/>
        <line num="91" count="1" type="stmt"/>
        <line num="97" count="1" type="stmt"/>
        <line num="103" count="1" type="stmt"/>
        <line num="109" count="1" type="stmt"/>
        <line num="114" count="0" type="stmt"/>
      </file>
    </package>
    <package name="assets">
      <metrics statements="1" coveredstatements="1" conditionals="0" coveredconditionals="0" methods="0" coveredmethods="0"/>
      <file name="cat.png" path="D:\编程-vscode\VUE\pawhub\src\assets\cat.png">
        <metrics statements="1" coveredstatements="1" conditionals="0" coveredconditionals="0" methods="0" coveredmethods="0"/>
        <line num="1" count="1" type="stmt"/>
      </file>
    </package>
    <package name="components">
      <metrics statements="17" coveredstatements="17" conditionals="23" coveredconditionals="7" methods="9" coveredmethods="5"/>
      <file name="BottomNav.vue" path="D:\编程-vscode\VUE\pawhub\src\components\BottomNav.vue">
        <metrics statements="2" coveredstatements="2" conditionals="0" coveredconditionals="0" methods="1" coveredmethods="1"/>
        <line num="1" count="21" type="stmt"/>
        <line num="26" count="5" type="stmt"/>
      </file>
      <file name="MessageList.vue" path="D:\编程-vscode\VUE\pawhub\src\components\MessageList.vue">
        <metrics statements="1" coveredstatements="1" conditionals="2" coveredconditionals="0" methods="1" coveredmethods="0"/>
        <line num="1" count="3" type="cond" truecount="0" falsecount="2"/>
      </file>
      <file name="OrderList.vue" path="D:\编程-vscode\VUE\pawhub\src\components\OrderList.vue">
        <metrics statements="2" coveredstatements="2" conditionals="2" coveredconditionals="2" methods="1" coveredmethods="1"/>
        <line num="1" count="29" type="cond" truecount="2" falsecount="0"/>
        <line num="50" count="2" type="stmt"/>
      </file>
      <file name="PostCard.vue" path="D:\编程-vscode\VUE\pawhub\src\components\PostCard.vue">
        <metrics statements="2" coveredstatements="2" conditionals="2" coveredconditionals="1" methods="1" coveredmethods="1"/>
        <line num="1" count="47" type="cond" truecount="1" falsecount="1"/>
        <line num="54" count="5" type="stmt"/>
      </file>
      <file name="PostCommentList.vue" path="D:\编程-vscode\VUE\pawhub\src\components\PostCommentList.vue">
        <metrics statements="2" coveredstatements="2" conditionals="10" coveredconditionals="0" methods="1" coveredmethods="0"/>
        <line num="1" count="3" type="cond" truecount="0" falsecount="10"/>
        <line num="100" count="1" type="stmt"/>
      </file>
      <file name="SearchBar.vue" path="D:\编程-vscode\VUE\pawhub\src\components\SearchBar.vue">
        <metrics statements="2" coveredstatements="2" conditionals="3" coveredconditionals="2" methods="1" coveredmethods="1"/>
        <line num="1" count="28" type="cond" truecount="2" falsecount="1"/>
        <line num="15" count="3" type="stmt"/>
      </file>
      <file name="ServiceCard.vue" path="D:\编程-vscode\VUE\pawhub\src\components\ServiceCard.vue">
        <metrics statements="2" coveredstatements="2" conditionals="2" coveredconditionals="0" methods="1" coveredmethods="0"/>
        <line num="1" count="6" type="cond" truecount="0" falsecount="2"/>
        <line num="55" count="2" type="stmt"/>
      </file>
      <file name="ServiceMenu.vue" path="D:\编程-vscode\VUE\pawhub\src\components\ServiceMenu.vue">
        <metrics statements="2" coveredstatements="2" conditionals="0" coveredconditionals="0" methods="1" coveredmethods="0"/>
        <line num="1" count="3" type="stmt"/>
        <line num="21" count="1" type="stmt"/>
      </file>
      <file name="UserCard.vue" path="D:\编程-vscode\VUE\pawhub\src\components\UserCard.vue">
        <metrics statements="2" coveredstatements="2" conditionals="2" coveredconditionals="2" methods="1" coveredmethods="1"/>
        <line num="1" count="30" type="cond" truecount="2" falsecount="0"/>
        <line num="24" count="4" type="stmt"/>
      </file>
    </package>
    <package name="views.Main">
      <metrics statements="4" coveredstatements="4" conditionals="7" coveredconditionals="6" methods="4" coveredmethods="4"/>
      <file name="HomeView.vue" path="D:\编程-vscode\VUE\pawhub\src\views\Main\HomeView.vue">
        <metrics statements="1" coveredstatements="1" conditionals="2" coveredconditionals="2" methods="1" coveredmethods="1"/>
        <line num="1" count="24" type="cond" truecount="2" falsecount="0"/>
      </file>
      <file name="MessageView.vue" path="D:\编程-vscode\VUE\pawhub\src\views\Main\MessageView.vue">
        <metrics statements="1" coveredstatements="1" conditionals="0" coveredconditionals="0" methods="1" coveredmethods="1"/>
        <line num="1" count="6" type="stmt"/>
      </file>
      <file name="MineView.vue" path="D:\编程-vscode\VUE\pawhub\src\views\Main\MineView.vue">
        <metrics statements="1" coveredstatements="1" conditionals="2" coveredconditionals="2" methods="1" coveredmethods="1"/>
        <line num="1" count="35" type="cond" truecount="2" falsecount="0"/>
      </file>
      <file name="PublishView.vue" path="D:\编程-vscode\VUE\pawhub\src\views\Main\PublishView.vue">
        <metrics statements="1" coveredstatements="1" conditionals="3" coveredconditionals="2" methods="1" coveredmethods="1"/>
        <line num="1" count="31" type="cond" truecount="2" falsecount="1"/>
      </file>
    </package>
    <package name="views.Messages">
      <metrics statements="1" coveredstatements="1" conditionals="6" coveredconditionals="5" methods="1" coveredmethods="1"/>
      <file name="MessagesDetailsView.vue" path="D:\编程-vscode\VUE\pawhub\src\views\Messages\MessagesDetailsView.vue">
        <metrics statements="1" coveredstatements="1" conditionals="6" coveredconditionals="5" methods="1" coveredmethods="1"/>
        <line num="1" count="58" type="cond" truecount="5" falsecount="1"/>
      </file>
    </package>
    <package name="views.Posts">
      <metrics statements="1" coveredstatements="1" conditionals="3" coveredconditionals="2" methods="1" coveredmethods="1"/>
      <file name="PostDetailsView.vue" path="D:\编程-vscode\VUE\pawhub\src\views\Posts\PostDetailsView.vue">
        <metrics statements="1" coveredstatements="1" conditionals="3" coveredconditionals="2" methods="1" coveredmethods="1"/>
        <line num="105" count="231" type="cond" truecount="2" falsecount="1"/>
      </file>
    </package>
    <package name="views.Search">
      <metrics statements="2" coveredstatements="2" conditionals="5" coveredconditionals="4" methods="2" coveredmethods="2"/>
      <file name="SearchResultsView.vue" path="D:\编程-vscode\VUE\pawhub\src\views\Search\SearchResultsView.vue">
        <metrics statements="1" coveredstatements="1" conditionals="2" coveredconditionals="2" methods="1" coveredmethods="1"/>
        <line num="1" count="38" type="cond" truecount="2" falsecount="0"/>
      </file>
      <file name="SearchView.vue" path="D:\编程-vscode\VUE\pawhub\src\views\Search\SearchView.vue">
        <metrics statements="1" coveredstatements="1" conditionals="3" coveredconditionals="2" methods="1" coveredmethods="1"/>
        <line num="1" count="96" type="cond" truecount="2" falsecount="1"/>
      </file>
    </package>
    <package name="views.Users">
      <metrics statements="9" coveredstatements="9" conditionals="12" coveredconditionals="9" methods="8" coveredmethods="8"/>
      <file name="EditView.vue" path="D:\编程-vscode\VUE\pawhub\src\views\Users\EditView.vue">
        <metrics statements="1" coveredstatements="1" conditionals="1" coveredconditionals="0" methods="1" coveredmethods="1"/>
        <line num="1" count="30" type="cond" truecount="0" falsecount="1"/>
      </file>
      <file name="FansView.vue" path="D:\编程-vscode\VUE\pawhub\src\views\Users\FansView.vue">
        <metrics statements="1" coveredstatements="1" conditionals="0" coveredconditionals="0" methods="1" coveredmethods="1"/>
        <line num="1" count="32" type="stmt"/>
      </file>
      <file name="FocusView.vue" path="D:\编程-vscode\VUE\pawhub\src\views\Users\FocusView.vue">
        <metrics statements="1" coveredstatements="1" conditionals="0" coveredconditionals="0" methods="1" coveredmethods="1"/>
        <line num="1" count="27" type="stmt"/>
      </file>
      <file name="LoginView.vue" path="D:\编程-vscode\VUE\pawhub\src\views\Users\LoginView.vue">
        <metrics statements="1" coveredstatements="1" conditionals="1" coveredconditionals="0" methods="1" coveredmethods="1"/>
        <line num="1" count="91" type="cond" truecount="0" falsecount="1"/>
      </file>
      <file name="OrderDetailsView.vue" path="D:\编程-vscode\VUE\pawhub\src\views\Users\OrderDetailsView.vue">
        <metrics statements="1" coveredstatements="1" conditionals="5" coveredconditionals="5" methods="1" coveredmethods="1"/>
        <line num="1" count="18" type="cond" truecount="5" falsecount="0"/>
      </file>
      <file name="RegisterView.vue" path="D:\编程-vscode\VUE\pawhub\src\views\Users\RegisterView.vue">
        <metrics statements="1" coveredstatements="1" conditionals="3" coveredconditionals="2" methods="1" coveredmethods="1"/>
        <line num="1" count="101" type="cond" truecount="2" falsecount="1"/>
      </file>
      <file name="SettingView.vue" path="D:\编程-vscode\VUE\pawhub\src\views\Users\SettingView.vue">
        <metrics statements="2" coveredstatements="2" conditionals="0" coveredconditionals="0" methods="1" coveredmethods="1"/>
        <line num="1" count="24" type="stmt"/>
        <line num="28" count="1" type="stmt"/>
      </file>
      <file name="UserInformationView.vue" path="D:\编程-vscode\VUE\pawhub\src\views\Users\UserInformationView.vue">
        <metrics statements="1" coveredstatements="1" conditionals="2" coveredconditionals="2" methods="1" coveredmethods="1"/>
        <line num="1" count="25" type="cond" truecount="2" falsecount="0"/>
      </file>
    </package>
  </project>
</coverage>
