{"D:\\编程-vscode\\VUE\\pawhub\\src\\api\\ai.js": {"path":"D:\\编程-vscode\\VUE\\pawhub\\src\\api\\ai.js","statementMap":{"0":{"start":{"line":5,"column":2},"end":{"line":7,"column":5}},"1":{"start":{"line":12,"column":2},"end":{"line":12,"column":41}}},"fnMap":{"0":{"name":"getSearchSuggestions","decl":{"start":{"line":4,"column":16},"end":{"line":4,"column":36}},"loc":{"start":{"line":4,"column":46},"end":{"line":8,"column":1}},"line":4},"1":{"name":"getHotSearchTerms","decl":{"start":{"line":11,"column":16},"end":{"line":11,"column":33}},"loc":{"start":{"line":11,"column":36},"end":{"line":13,"column":1}},"line":11}},"branchMap":{},"s":{"0":1,"1":1},"f":{"0":1,"1":1},"b":{},"_coverageSchema":"1a1c01bbd47fc00a2c39e90264f33305004495a9","hash":"efb8c799ed6e86379a13d9e9808bc746a4253784"}
,"D:\\编程-vscode\\VUE\\pawhub\\src\\api\\client.js": {"path":"D:\\编程-vscode\\VUE\\pawhub\\src\\api\\client.js","statementMap":{"0":{"start":{"line":3,"column":18},"end":{"line":9,"column":2}},"1":{"start":{"line":12,"column":0},"end":{"line":23,"column":3}},"2":{"start":{"line":13,"column":16},"end":{"line":13,"column":45}},"3":{"start":{"line":15,"column":2},"end":{"line":20,"column":3}},"4":{"start":{"line":17,"column":4},"end":{"line":17,"column":53}},"5":{"start":{"line":19,"column":4},"end":{"line":19,"column":33}},"6":{"start":{"line":22,"column":2},"end":{"line":22,"column":16}},"7":{"start":{"line":26,"column":0},"end":{"line":32,"column":2}},"8":{"start":{"line":27,"column":14},"end":{"line":27,"column":27}},"9":{"start":{"line":29,"column":4},"end":{"line":29,"column":39}},"10":{"start":{"line":30,"column":4},"end":{"line":30,"column":33}}},"fnMap":{"0":{"name":"(anonymous_0)","decl":{"start":{"line":12,"column":35},"end":{"line":12,"column":36}},"loc":{"start":{"line":12,"column":45},"end":{"line":23,"column":1}},"line":12},"1":{"name":"(anonymous_1)","decl":{"start":{"line":27,"column":2},"end":{"line":27,"column":3}},"loc":{"start":{"line":27,"column":14},"end":{"line":27,"column":27}},"line":27},"2":{"name":"(anonymous_2)","decl":{"start":{"line":28,"column":2},"end":{"line":28,"column":3}},"loc":{"start":{"line":28,"column":11},"end":{"line":31,"column":3}},"line":28}},"branchMap":{"0":{"loc":{"start":{"line":15,"column":2},"end":{"line":20,"column":3}},"type":"if","locations":[{"start":{"line":15,"column":2},"end":{"line":20,"column":3}},{"start":{},"end":{}}],"line":15}},"s":{"0":4,"1":4,"2":0,"3":0,"4":0,"5":0,"6":0,"7":4,"8":0,"9":0,"10":0},"f":{"0":0,"1":0,"2":0},"b":{"0":[0,0]},"_coverageSchema":"1a1c01bbd47fc00a2c39e90264f33305004495a9","hash":"d0d99df70377a1a75b02474d7febdf09b73aaf5f"}
,"D:\\编程-vscode\\VUE\\pawhub\\src\\api\\messages.js": {"path":"D:\\编程-vscode\\VUE\\pawhub\\src\\api\\messages.js","statementMap":{"0":{"start":{"line":4,"column":19},"end":{"line":4,"column":30}},"1":{"start":{"line":6,"column":2},"end":{"line":8,"column":3}},"2":{"start":{"line":7,"column":4},"end":{"line":7,"column":20}},"3":{"start":{"line":10,"column":2},"end":{"line":10,"column":33}},"4":{"start":{"line":16,"column":2},"end":{"line":16,"column":48}},"5":{"start":{"line":23,"column":2},"end":{"line":23,"column":82}},"6":{"start":{"line":30,"column":2},"end":{"line":30,"column":98}},"7":{"start":{"line":39,"column":2},"end":{"line":39,"column":64}},"8":{"start":{"line":44,"column":2},"end":{"line":44,"column":93}},"9":{"start":{"line":49,"column":2},"end":{"line":49,"column":69}},"10":{"start":{"line":55,"column":2},"end":{"line":57,"column":3}},"11":{"start":{"line":56,"column":4},"end":{"line":56,"column":78}},"12":{"start":{"line":58,"column":2},"end":{"line":58,"column":63}},"13":{"start":{"line":63,"column":2},"end":{"line":63,"column":44}}},"fnMap":{"0":{"name":"getMessageScopedPath","decl":{"start":{"line":3,"column":9},"end":{"line":3,"column":29}},"loc":{"start":{"line":3,"column":46},"end":{"line":11,"column":1}},"line":3},"1":{"name":"getMessages","decl":{"start":{"line":15,"column":16},"end":{"line":15,"column":27}},"loc":{"start":{"line":15,"column":41},"end":{"line":17,"column":1}},"line":15},"2":{"name":"getConversationList","decl":{"start":{"line":22,"column":16},"end":{"line":22,"column":35}},"loc":{"start":{"line":22,"column":57},"end":{"line":24,"column":1}},"line":22},"3":{"name":"getConversationMessages","decl":{"start":{"line":29,"column":16},"end":{"line":29,"column":39}},"loc":{"start":{"line":29,"column":75},"end":{"line":31,"column":1}},"line":29},"4":{"name":"createPrivateMessage","decl":{"start":{"line":38,"column":16},"end":{"line":38,"column":36}},"loc":{"start":{"line":38,"column":51},"end":{"line":40,"column":1}},"line":38},"5":{"name":"markConversationAsRead","decl":{"start":{"line":43,"column":16},"end":{"line":43,"column":38}},"loc":{"start":{"line":43,"column":61},"end":{"line":45,"column":1}},"line":43},"6":{"name":"getUnreadMessageCount","decl":{"start":{"line":48,"column":16},"end":{"line":48,"column":37}},"loc":{"start":{"line":48,"column":46},"end":{"line":50,"column":1}},"line":48},"7":{"name":"getPrivateMessages","decl":{"start":{"line":54,"column":16},"end":{"line":54,"column":34}},"loc":{"start":{"line":54,"column":70},"end":{"line":59,"column":1}},"line":54},"8":{"name":"sendPrivateMessage","decl":{"start":{"line":62,"column":16},"end":{"line":62,"column":34}},"loc":{"start":{"line":62,"column":49},"end":{"line":64,"column":1}},"line":62}},"branchMap":{"0":{"loc":{"start":{"line":6,"column":2},"end":{"line":8,"column":3}},"type":"if","locations":[{"start":{"line":6,"column":2},"end":{"line":8,"column":3}},{"start":{},"end":{}}],"line":6},"1":{"loc":{"start":{"line":15,"column":28},"end":{"line":15,"column":39}},"type":"default-arg","locations":[{"start":{"line":15,"column":37},"end":{"line":15,"column":39}}],"line":15},"2":{"loc":{"start":{"line":22,"column":36},"end":{"line":22,"column":47}},"type":"default-arg","locations":[{"start":{"line":22,"column":45},"end":{"line":22,"column":47}}],"line":22},"3":{"loc":{"start":{"line":29,"column":54},"end":{"line":29,"column":65}},"type":"default-arg","locations":[{"start":{"line":29,"column":63},"end":{"line":29,"column":65}}],"line":29},"4":{"loc":{"start":{"line":54,"column":49},"end":{"line":54,"column":60}},"type":"default-arg","locations":[{"start":{"line":54,"column":58},"end":{"line":54,"column":60}}],"line":54},"5":{"loc":{"start":{"line":55,"column":2},"end":{"line":57,"column":3}},"type":"if","locations":[{"start":{"line":55,"column":2},"end":{"line":57,"column":3}},{"start":{},"end":{}}],"line":55}},"s":{"0":8,"1":8,"2":2,"3":6,"4":1,"5":1,"6":2,"7":2,"8":1,"9":1,"10":2,"11":1,"12":1,"13":1},"f":{"0":8,"1":1,"2":1,"3":2,"4":2,"5":1,"6":1,"7":2,"8":1},"b":{"0":[2,6],"1":[0],"2":[0],"3":[0],"4":[0],"5":[1,1]},"_coverageSchema":"1a1c01bbd47fc00a2c39e90264f33305004495a9","hash":"f30ea23f99a2432e660134115b66fc0a3cf0ab53"}
,"D:\\编程-vscode\\VUE\\pawhub\\src\\api\\orders.js": {"path":"D:\\编程-vscode\\VUE\\pawhub\\src\\api\\orders.js","statementMap":{"0":{"start":{"line":4,"column":2},"end":{"line":11,"column":4}},"1":{"start":{"line":15,"column":2},"end":{"line":17,"column":3}},"2":{"start":{"line":16,"column":4},"end":{"line":16,"column":58}},"3":{"start":{"line":19,"column":2},"end":{"line":19,"column":76}},"4":{"start":{"line":25,"column":2},"end":{"line":25,"column":67}},"5":{"start":{"line":31,"column":2},"end":{"line":31,"column":64}},"6":{"start":{"line":36,"column":2},"end":{"line":36,"column":46}},"7":{"start":{"line":42,"column":2},"end":{"line":42,"column":45}},"8":{"start":{"line":47,"column":2},"end":{"line":47,"column":48}},"9":{"start":{"line":53,"column":2},"end":{"line":53,"column":60}}},"fnMap":{"0":{"name":"normalizeOrderPayload","decl":{"start":{"line":3,"column":9},"end":{"line":3,"column":30}},"loc":{"start":{"line":3,"column":42},"end":{"line":12,"column":1}},"line":3},"1":{"name":"getOrderScopedPath","decl":{"start":{"line":14,"column":9},"end":{"line":14,"column":27}},"loc":{"start":{"line":14,"column":44},"end":{"line":20,"column":1}},"line":14},"2":{"name":"getOrders","decl":{"start":{"line":24,"column":16},"end":{"line":24,"column":25}},"loc":{"start":{"line":24,"column":47},"end":{"line":26,"column":1}},"line":24},"3":{"name":"createOrder","decl":{"start":{"line":30,"column":16},"end":{"line":30,"column":27}},"loc":{"start":{"line":30,"column":34},"end":{"line":32,"column":1}},"line":30},"4":{"name":"getMyOrders","decl":{"start":{"line":35,"column":16},"end":{"line":35,"column":27}},"loc":{"start":{"line":35,"column":41},"end":{"line":38,"column":1}},"line":35},"5":{"name":"getOrderDetail","decl":{"start":{"line":41,"column":16},"end":{"line":41,"column":30}},"loc":{"start":{"line":41,"column":40},"end":{"line":43,"column":1}},"line":41},"6":{"name":"cancelOrder","decl":{"start":{"line":46,"column":16},"end":{"line":46,"column":27}},"loc":{"start":{"line":46,"column":37},"end":{"line":48,"column":1}},"line":46},"7":{"name":"updateOrderStatus","decl":{"start":{"line":52,"column":16},"end":{"line":52,"column":33}},"loc":{"start":{"line":52,"column":49},"end":{"line":54,"column":1}},"line":52}},"branchMap":{"0":{"loc":{"start":{"line":3,"column":31},"end":{"line":3,"column":40}},"type":"default-arg","locations":[{"start":{"line":3,"column":38},"end":{"line":3,"column":40}}],"line":3},"1":{"loc":{"start":{"line":5,"column":16},"end":{"line":5,"column":57}},"type":"binary-expr","locations":[{"start":{"line":5,"column":16},"end":{"line":5,"column":31}},{"start":{"line":5,"column":35},"end":{"line":5,"column":49}},{"start":{"line":5,"column":53},"end":{"line":5,"column":57}}],"line":5},"2":{"loc":{"start":{"line":6,"column":18},"end":{"line":6,"column":61}},"type":"binary-expr","locations":[{"start":{"line":6,"column":18},"end":{"line":6,"column":35}},{"start":{"line":6,"column":39},"end":{"line":6,"column":55}},{"start":{"line":6,"column":59},"end":{"line":6,"column":61}}],"line":6},"3":{"loc":{"start":{"line":7,"column":22},"end":{"line":7,"column":73}},"type":"binary-expr","locations":[{"start":{"line":7,"column":22},"end":{"line":7,"column":43}},{"start":{"line":7,"column":47},"end":{"line":7,"column":67}},{"start":{"line":7,"column":71},"end":{"line":7,"column":73}}],"line":7},"4":{"loc":{"start":{"line":8,"column":22},"end":{"line":8,"column":73}},"type":"binary-expr","locations":[{"start":{"line":8,"column":22},"end":{"line":8,"column":43}},{"start":{"line":8,"column":47},"end":{"line":8,"column":67}},{"start":{"line":8,"column":71},"end":{"line":8,"column":73}}],"line":8},"5":{"loc":{"start":{"line":9,"column":12},"end":{"line":9,"column":29}},"type":"binary-expr","locations":[{"start":{"line":9,"column":12},"end":{"line":9,"column":23}},{"start":{"line":9,"column":27},"end":{"line":9,"column":29}}],"line":9},"6":{"loc":{"start":{"line":10,"column":11},"end":{"line":10,"column":27}},"type":"binary-expr","locations":[{"start":{"line":10,"column":11},"end":{"line":10,"column":21}},{"start":{"line":10,"column":25},"end":{"line":10,"column":27}}],"line":10},"7":{"loc":{"start":{"line":15,"column":2},"end":{"line":17,"column":3}},"type":"if","locations":[{"start":{"line":15,"column":2},"end":{"line":17,"column":3}},{"start":{},"end":{}}],"line":15},"8":{"loc":{"start":{"line":16,"column":11},"end":{"line":16,"column":57}},"type":"cond-expr","locations":[{"start":{"line":16,"column":20},"end":{"line":16,"column":45}},{"start":{"line":16,"column":48},"end":{"line":16,"column":57}}],"line":16},"9":{"loc":{"start":{"line":19,"column":9},"end":{"line":19,"column":75}},"type":"cond-expr","locations":[{"start":{"line":19,"column":18},"end":{"line":19,"column":53}},{"start":{"line":19,"column":56},"end":{"line":19,"column":75}}],"line":19},"10":{"loc":{"start":{"line":24,"column":26},"end":{"line":24,"column":37}},"type":"default-arg","locations":[{"start":{"line":24,"column":35},"end":{"line":24,"column":37}}],"line":24},"11":{"loc":{"start":{"line":35,"column":28},"end":{"line":35,"column":39}},"type":"default-arg","locations":[{"start":{"line":35,"column":37},"end":{"line":35,"column":39}}],"line":35}},"s":{"0":1,"1":2,"2":2,"3":0,"4":2,"5":1,"6":2,"7":1,"8":1,"9":1},"f":{"0":1,"1":2,"2":2,"3":1,"4":2,"5":1,"6":1,"7":1},"b":{"0":[0],"1":[1,1,0],"2":[1,1,0],"3":[1,1,0],"4":[1,1,0],"5":[1,0],"6":[1,0],"7":[2,0],"8":[1,1],"9":[0,0],"10":[0],"11":[0]},"_coverageSchema":"1a1c01bbd47fc00a2c39e90264f33305004495a9","hash":"fc153e62300c9999d8e78ec36f0b7292009a8fc3"}
,"D:\\编程-vscode\\VUE\\pawhub\\src\\api\\posts.js": {"path":"D:\\编程-vscode\\VUE\\pawhub\\src\\api\\posts.js","statementMap":{"0":{"start":{"line":4,"column":2},"end":{"line":8,"column":4}},"1":{"start":{"line":14,"column":2},"end":{"line":14,"column":45}},"2":{"start":{"line":21,"column":2},"end":{"line":26,"column":5}},"3":{"start":{"line":31,"column":2},"end":{"line":31,"column":38}},"4":{"start":{"line":36,"column":2},"end":{"line":36,"column":43}},"5":{"start":{"line":42,"column":2},"end":{"line":42,"column":62}},"6":{"start":{"line":47,"column":2},"end":{"line":47,"column":46}},"7":{"start":{"line":52,"column":2},"end":{"line":52,"column":49}},"8":{"start":{"line":57,"column":2},"end":{"line":57,"column":51}},"9":{"start":{"line":63,"column":2},"end":{"line":63,"column":64}},"10":{"start":{"line":68,"column":2},"end":{"line":68,"column":59}},"11":{"start":{"line":73,"column":2},"end":{"line":73,"column":71}},"12":{"start":{"line":78,"column":2},"end":{"line":78,"column":73}},"13":{"start":{"line":83,"column":2},"end":{"line":83,"column":68}},"14":{"start":{"line":89,"column":2},"end":{"line":89,"column":80}}},"fnMap":{"0":{"name":"normalizePostPayload","decl":{"start":{"line":3,"column":9},"end":{"line":3,"column":29}},"loc":{"start":{"line":3,"column":41},"end":{"line":9,"column":1}},"line":3},"1":{"name":"getPosts","decl":{"start":{"line":13,"column":16},"end":{"line":13,"column":24}},"loc":{"start":{"line":13,"column":38},"end":{"line":15,"column":1}},"line":13},"2":{"name":"searchPosts","decl":{"start":{"line":20,"column":16},"end":{"line":20,"column":27}},"loc":{"start":{"line":20,"column":50},"end":{"line":27,"column":1}},"line":20},"3":{"name":"getPostsByKeyword","decl":{"start":{"line":30,"column":16},"end":{"line":30,"column":33}},"loc":{"start":{"line":30,"column":56},"end":{"line":32,"column":1}},"line":30},"4":{"name":"getPostDetail","decl":{"start":{"line":35,"column":16},"end":{"line":35,"column":29}},"loc":{"start":{"line":35,"column":38},"end":{"line":37,"column":1}},"line":35},"5":{"name":"createPost","decl":{"start":{"line":41,"column":16},"end":{"line":41,"column":26}},"loc":{"start":{"line":41,"column":33},"end":{"line":43,"column":1}},"line":41},"6":{"name":"deletePost","decl":{"start":{"line":46,"column":16},"end":{"line":46,"column":26}},"loc":{"start":{"line":46,"column":35},"end":{"line":48,"column":1}},"line":46},"7":{"name":"likePost","decl":{"start":{"line":51,"column":16},"end":{"line":51,"column":24}},"loc":{"start":{"line":51,"column":33},"end":{"line":53,"column":1}},"line":51},"8":{"name":"unlikePost","decl":{"start":{"line":56,"column":16},"end":{"line":56,"column":26}},"loc":{"start":{"line":56,"column":35},"end":{"line":58,"column":1}},"line":56},"9":{"name":"getComments","decl":{"start":{"line":62,"column":16},"end":{"line":62,"column":27}},"loc":{"start":{"line":62,"column":49},"end":{"line":64,"column":1}},"line":62},"10":{"name":"createComment","decl":{"start":{"line":67,"column":16},"end":{"line":67,"column":29}},"loc":{"start":{"line":67,"column":44},"end":{"line":69,"column":1}},"line":67},"11":{"name":"likeComment","decl":{"start":{"line":72,"column":16},"end":{"line":72,"column":27}},"loc":{"start":{"line":72,"column":47},"end":{"line":74,"column":1}},"line":72},"12":{"name":"unlikeComment","decl":{"start":{"line":77,"column":16},"end":{"line":77,"column":29}},"loc":{"start":{"line":77,"column":49},"end":{"line":79,"column":1}},"line":77},"13":{"name":"deleteComment","decl":{"start":{"line":82,"column":16},"end":{"line":82,"column":29}},"loc":{"start":{"line":82,"column":49},"end":{"line":84,"column":1}},"line":82},"14":{"name":"replyComment","decl":{"start":{"line":88,"column":16},"end":{"line":88,"column":28}},"loc":{"start":{"line":88,"column":54},"end":{"line":90,"column":1}},"line":88}},"branchMap":{"0":{"loc":{"start":{"line":3,"column":30},"end":{"line":3,"column":39}},"type":"default-arg","locations":[{"start":{"line":3,"column":37},"end":{"line":3,"column":39}}],"line":3},"1":{"loc":{"start":{"line":5,"column":13},"end":{"line":5,"column":31}},"type":"binary-expr","locations":[{"start":{"line":5,"column":13},"end":{"line":5,"column":25}},{"start":{"line":5,"column":29},"end":{"line":5,"column":31}}],"line":5},"2":{"loc":{"start":{"line":6,"column":12},"end":{"line":6,"column":57}},"type":"cond-expr","locations":[{"start":{"line":6,"column":41},"end":{"line":6,"column":52}},{"start":{"line":6,"column":55},"end":{"line":6,"column":57}}],"line":6},"3":{"loc":{"start":{"line":7,"column":10},"end":{"line":7,"column":51}},"type":"cond-expr","locations":[{"start":{"line":7,"column":37},"end":{"line":7,"column":46}},{"start":{"line":7,"column":49},"end":{"line":7,"column":51}}],"line":7},"4":{"loc":{"start":{"line":13,"column":25},"end":{"line":13,"column":36}},"type":"default-arg","locations":[{"start":{"line":13,"column":34},"end":{"line":13,"column":36}}],"line":13},"5":{"loc":{"start":{"line":20,"column":37},"end":{"line":20,"column":48}},"type":"default-arg","locations":[{"start":{"line":20,"column":46},"end":{"line":20,"column":48}}],"line":20},"6":{"loc":{"start":{"line":30,"column":43},"end":{"line":30,"column":54}},"type":"default-arg","locations":[{"start":{"line":30,"column":52},"end":{"line":30,"column":54}}],"line":30},"7":{"loc":{"start":{"line":62,"column":36},"end":{"line":62,"column":47}},"type":"default-arg","locations":[{"start":{"line":62,"column":45},"end":{"line":62,"column":47}}],"line":62}},"s":{"0":1,"1":1,"2":2,"3":1,"4":1,"5":1,"6":1,"7":1,"8":1,"9":1,"10":1,"11":1,"12":1,"13":1,"14":1},"f":{"0":1,"1":1,"2":2,"3":1,"4":1,"5":1,"6":1,"7":1,"8":1,"9":1,"10":1,"11":1,"12":1,"13":1,"14":1},"b":{"0":[0],"1":[1,0],"2":[1,0],"3":[1,0],"4":[0],"5":[0],"6":[0],"7":[0]},"_coverageSchema":"1a1c01bbd47fc00a2c39e90264f33305004495a9","hash":"b9d9aca4ff9d5c0059c0d28f8661eb5146d8ec37"}
,"D:\\编程-vscode\\VUE\\pawhub\\src\\api\\services.js": {"path":"D:\\编程-vscode\\VUE\\pawhub\\src\\api\\services.js","statementMap":{"0":{"start":{"line":5,"column":2},"end":{"line":15,"column":4}},"1":{"start":{"line":20,"column":2},"end":{"line":22,"column":3}},"2":{"start":{"line":21,"column":4},"end":{"line":21,"column":62}},"3":{"start":{"line":24,"column":2},"end":{"line":24,"column":80}},"4":{"start":{"line":30,"column":2},"end":{"line":30,"column":48}},"5":{"start":{"line":35,"column":2},"end":{"line":40,"column":5}},"6":{"start":{"line":45,"column":2},"end":{"line":50,"column":5}},"7":{"start":{"line":55,"column":2},"end":{"line":55,"column":49}},"8":{"start":{"line":61,"column":2},"end":{"line":61,"column":37}},"9":{"start":{"line":67,"column":2},"end":{"line":67,"column":69}},"10":{"start":{"line":72,"column":2},"end":{"line":72,"column":64}},"11":{"start":{"line":78,"column":2},"end":{"line":78,"column":84}},"12":{"start":{"line":82,"column":2},"end":{"line":82,"column":77}},"13":{"start":{"line":87,"column":2},"end":{"line":87,"column":71}},"14":{"start":{"line":92,"column":2},"end":{"line":92,"column":75}},"15":{"start":{"line":97,"column":2},"end":{"line":97,"column":77}},"16":{"start":{"line":103,"column":2},"end":{"line":103,"column":44}},"17":{"start":{"line":109,"column":2},"end":{"line":109,"column":50}}},"fnMap":{"0":{"name":"normalizeServicePayload","decl":{"start":{"line":4,"column":9},"end":{"line":4,"column":32}},"loc":{"start":{"line":4,"column":44},"end":{"line":16,"column":1}},"line":4},"1":{"name":"getUserScopedPath","decl":{"start":{"line":19,"column":9},"end":{"line":19,"column":26}},"loc":{"start":{"line":19,"column":43},"end":{"line":25,"column":1}},"line":19},"2":{"name":"getServices","decl":{"start":{"line":29,"column":16},"end":{"line":29,"column":27}},"loc":{"start":{"line":29,"column":41},"end":{"line":31,"column":1}},"line":29},"3":{"name":"searchServices","decl":{"start":{"line":34,"column":16},"end":{"line":34,"column":30}},"loc":{"start":{"line":34,"column":53},"end":{"line":41,"column":1}},"line":34},"4":{"name":"getServicesByType","decl":{"start":{"line":44,"column":16},"end":{"line":44,"column":33}},"loc":{"start":{"line":44,"column":53},"end":{"line":51,"column":1}},"line":44},"5":{"name":"getServiceDetail","decl":{"start":{"line":54,"column":16},"end":{"line":54,"column":32}},"loc":{"start":{"line":54,"column":44},"end":{"line":56,"column":1}},"line":54},"6":{"name":"getService","decl":{"start":{"line":60,"column":16},"end":{"line":60,"column":26}},"loc":{"start":{"line":60,"column":38},"end":{"line":62,"column":1}},"line":60},"7":{"name":"getServiceReviews","decl":{"start":{"line":66,"column":16},"end":{"line":66,"column":33}},"loc":{"start":{"line":66,"column":58},"end":{"line":68,"column":1}},"line":66},"8":{"name":"createServiceReview","decl":{"start":{"line":71,"column":16},"end":{"line":71,"column":35}},"loc":{"start":{"line":71,"column":53},"end":{"line":73,"column":1}},"line":71},"9":{"name":"replyServiceReview","decl":{"start":{"line":77,"column":16},"end":{"line":77,"column":34}},"loc":{"start":{"line":77,"column":62},"end":{"line":79,"column":1}},"line":77},"10":{"name":"getReviewReplies","decl":{"start":{"line":81,"column":16},"end":{"line":81,"column":32}},"loc":{"start":{"line":81,"column":54},"end":{"line":83,"column":1}},"line":81},"11":{"name":"deleteServiceReview","decl":{"start":{"line":86,"column":16},"end":{"line":86,"column":35}},"loc":{"start":{"line":86,"column":57},"end":{"line":88,"column":1}},"line":86},"12":{"name":"likeServiceReview","decl":{"start":{"line":91,"column":16},"end":{"line":91,"column":33}},"loc":{"start":{"line":91,"column":55},"end":{"line":93,"column":1}},"line":91},"13":{"name":"unlikeServiceReview","decl":{"start":{"line":96,"column":16},"end":{"line":96,"column":35}},"loc":{"start":{"line":96,"column":57},"end":{"line":98,"column":1}},"line":96},"14":{"name":"addFavorite","decl":{"start":{"line":102,"column":16},"end":{"line":102,"column":27}},"loc":{"start":{"line":102,"column":34},"end":{"line":104,"column":1}},"line":102},"15":{"name":"removeFavorite","decl":{"start":{"line":108,"column":16},"end":{"line":108,"column":30}},"loc":{"start":{"line":108,"column":37},"end":{"line":110,"column":1}},"line":108}},"branchMap":{"0":{"loc":{"start":{"line":4,"column":33},"end":{"line":4,"column":42}},"type":"default-arg","locations":[{"start":{"line":4,"column":40},"end":{"line":4,"column":42}}],"line":4},"1":{"loc":{"start":{"line":6,"column":10},"end":{"line":6,"column":25}},"type":"binary-expr","locations":[{"start":{"line":6,"column":10},"end":{"line":6,"column":19}},{"start":{"line":6,"column":23},"end":{"line":6,"column":25}}],"line":6},"2":{"loc":{"start":{"line":7,"column":10},"end":{"line":7,"column":25}},"type":"binary-expr","locations":[{"start":{"line":7,"column":10},"end":{"line":7,"column":19}},{"start":{"line":7,"column":23},"end":{"line":7,"column":25}}],"line":7},"3":{"loc":{"start":{"line":8,"column":13},"end":{"line":8,"column":31}},"type":"binary-expr","locations":[{"start":{"line":8,"column":13},"end":{"line":8,"column":25}},{"start":{"line":8,"column":29},"end":{"line":8,"column":31}}],"line":8},"4":{"loc":{"start":{"line":9,"column":11},"end":{"line":9,"column":27}},"type":"binary-expr","locations":[{"start":{"line":9,"column":11},"end":{"line":9,"column":21}},{"start":{"line":9,"column":25},"end":{"line":9,"column":27}}],"line":9},"5":{"loc":{"start":{"line":10,"column":11},"end":{"line":10,"column":27}},"type":"binary-expr","locations":[{"start":{"line":10,"column":11},"end":{"line":10,"column":21}},{"start":{"line":10,"column":25},"end":{"line":10,"column":27}}],"line":10},"6":{"loc":{"start":{"line":11,"column":11},"end":{"line":11,"column":27}},"type":"binary-expr","locations":[{"start":{"line":11,"column":11},"end":{"line":11,"column":21}},{"start":{"line":11,"column":25},"end":{"line":11,"column":27}}],"line":11},"7":{"loc":{"start":{"line":12,"column":12},"end":{"line":12,"column":57}},"type":"cond-expr","locations":[{"start":{"line":12,"column":41},"end":{"line":12,"column":52}},{"start":{"line":12,"column":55},"end":{"line":12,"column":57}}],"line":12},"8":{"loc":{"start":{"line":13,"column":10},"end":{"line":13,"column":51}},"type":"cond-expr","locations":[{"start":{"line":13,"column":37},"end":{"line":13,"column":46}},{"start":{"line":13,"column":49},"end":{"line":13,"column":51}}],"line":13},"9":{"loc":{"start":{"line":14,"column":14},"end":{"line":14,"column":63}},"type":"cond-expr","locations":[{"start":{"line":14,"column":45},"end":{"line":14,"column":58}},{"start":{"line":14,"column":61},"end":{"line":14,"column":63}}],"line":14},"10":{"loc":{"start":{"line":20,"column":2},"end":{"line":22,"column":3}},"type":"if","locations":[{"start":{"line":20,"column":2},"end":{"line":22,"column":3}},{"start":{},"end":{}}],"line":20},"11":{"loc":{"start":{"line":21,"column":11},"end":{"line":21,"column":61}},"type":"cond-expr","locations":[{"start":{"line":21,"column":20},"end":{"line":21,"column":47}},{"start":{"line":21,"column":50},"end":{"line":21,"column":61}}],"line":21},"12":{"loc":{"start":{"line":24,"column":9},"end":{"line":24,"column":79}},"type":"cond-expr","locations":[{"start":{"line":24,"column":18},"end":{"line":24,"column":55}},{"start":{"line":24,"column":58},"end":{"line":24,"column":79}}],"line":24},"13":{"loc":{"start":{"line":29,"column":28},"end":{"line":29,"column":39}},"type":"default-arg","locations":[{"start":{"line":29,"column":37},"end":{"line":29,"column":39}}],"line":29},"14":{"loc":{"start":{"line":34,"column":40},"end":{"line":34,"column":51}},"type":"default-arg","locations":[{"start":{"line":34,"column":49},"end":{"line":34,"column":51}}],"line":34},"15":{"loc":{"start":{"line":44,"column":40},"end":{"line":44,"column":51}},"type":"default-arg","locations":[{"start":{"line":44,"column":49},"end":{"line":44,"column":51}}],"line":44},"16":{"loc":{"start":{"line":66,"column":45},"end":{"line":66,"column":56}},"type":"default-arg","locations":[{"start":{"line":66,"column":54},"end":{"line":66,"column":56}}],"line":66}},"s":{"0":0,"1":0,"2":0,"3":0,"4":1,"5":1,"6":1,"7":2,"8":1,"9":1,"10":1,"11":1,"12":0,"13":0,"14":1,"15":1,"16":1,"17":1},"f":{"0":0,"1":0,"2":1,"3":1,"4":1,"5":2,"6":1,"7":1,"8":1,"9":1,"10":0,"11":0,"12":1,"13":1,"14":1,"15":1},"b":{"0":[0],"1":[0,0],"2":[0,0],"3":[0,0],"4":[0,0],"5":[0,0],"6":[0,0],"7":[0,0],"8":[0,0],"9":[0,0],"10":[0,0],"11":[0,0],"12":[0,0],"13":[0],"14":[0],"15":[0],"16":[0]},"_coverageSchema":"1a1c01bbd47fc00a2c39e90264f33305004495a9","hash":"b045a221056e21eb937873085f3cbb16b650d0a7"}
,"D:\\编程-vscode\\VUE\\pawhub\\src\\api\\upload.js": {"path":"D:\\编程-vscode\\VUE\\pawhub\\src\\api\\upload.js","statementMap":{"0":{"start":{"line":5,"column":19},"end":{"line":5,"column":33}},"1":{"start":{"line":6,"column":2},"end":{"line":6,"column":31}},"2":{"start":{"line":8,"column":2},"end":{"line":12,"column":4}}},"fnMap":{"0":{"name":"uploadFile","decl":{"start":{"line":4,"column":16},"end":{"line":4,"column":26}},"loc":{"start":{"line":4,"column":33},"end":{"line":13,"column":1}},"line":4}},"branchMap":{},"s":{"0":1,"1":1,"2":1},"f":{"0":1},"b":{},"_coverageSchema":"1a1c01bbd47fc00a2c39e90264f33305004495a9","hash":"4b4bd51c5b93136bb3790308b9f1cda0dd951e12"}
,"D:\\编程-vscode\\VUE\\pawhub\\src\\api\\users.js": {"path":"D:\\编程-vscode\\VUE\\pawhub\\src\\api\\users.js","statementMap":{"0":{"start":{"line":4,"column":18},"end":{"line":4,"column":28}},"1":{"start":{"line":5,"column":16},"end":{"line":5,"column":48}},"2":{"start":{"line":7,"column":2},"end":{"line":10,"column":4}},"3":{"start":{"line":14,"column":2},"end":{"line":14,"column":71}},"4":{"start":{"line":20,"column":2},"end":{"line":20,"column":68}},"5":{"start":{"line":26,"column":2},"end":{"line":26,"column":71}},"6":{"start":{"line":32,"column":2},"end":{"line":32,"column":45}},"7":{"start":{"line":38,"column":2},"end":{"line":43,"column":5}},"8":{"start":{"line":48,"column":2},"end":{"line":48,"column":38}},"9":{"start":{"line":54,"column":2},"end":{"line":54,"column":39}},"10":{"start":{"line":60,"column":2},"end":{"line":60,"column":36}},"11":{"start":{"line":67,"column":2},"end":{"line":67,"column":42}},"12":{"start":{"line":73,"column":2},"end":{"line":73,"column":57}},"13":{"start":{"line":79,"column":2},"end":{"line":79,"column":59}},"14":{"start":{"line":85,"column":2},"end":{"line":85,"column":71}},"15":{"start":{"line":91,"column":2},"end":{"line":91,"column":75}},"16":{"start":{"line":97,"column":2},"end":{"line":97,"column":72}},"17":{"start":{"line":103,"column":2},"end":{"line":103,"column":75}},"18":{"start":{"line":109,"column":2},"end":{"line":109,"column":75}},"19":{"start":{"line":114,"column":2},"end":{"line":114,"column":61}}},"fnMap":{"0":{"name":"normalizeAuthPayload","decl":{"start":{"line":3,"column":9},"end":{"line":3,"column":29}},"loc":{"start":{"line":3,"column":36},"end":{"line":11,"column":1}},"line":3},"1":{"name":"getUserScopedPath","decl":{"start":{"line":13,"column":9},"end":{"line":13,"column":26}},"loc":{"start":{"line":13,"column":43},"end":{"line":15,"column":1}},"line":13},"2":{"name":"login","decl":{"start":{"line":19,"column":16},"end":{"line":19,"column":21}},"loc":{"start":{"line":19,"column":28},"end":{"line":21,"column":1}},"line":19},"3":{"name":"register","decl":{"start":{"line":25,"column":16},"end":{"line":25,"column":24}},"loc":{"start":{"line":25,"column":31},"end":{"line":27,"column":1}},"line":25},"4":{"name":"getUsers","decl":{"start":{"line":31,"column":16},"end":{"line":31,"column":24}},"loc":{"start":{"line":31,"column":38},"end":{"line":33,"column":1}},"line":31},"5":{"name":"searchUsers","decl":{"start":{"line":37,"column":16},"end":{"line":37,"column":27}},"loc":{"start":{"line":37,"column":50},"end":{"line":44,"column":1}},"line":37},"6":{"name":"getUsersByKeyword","decl":{"start":{"line":47,"column":16},"end":{"line":47,"column":33}},"loc":{"start":{"line":47,"column":56},"end":{"line":49,"column":1}},"line":47},"7":{"name":"getUser","decl":{"start":{"line":53,"column":16},"end":{"line":53,"column":23}},"loc":{"start":{"line":53,"column":28},"end":{"line":55,"column":1}},"line":53},"8":{"name":"getCurrentUser","decl":{"start":{"line":59,"column":16},"end":{"line":59,"column":30}},"loc":{"start":{"line":59,"column":33},"end":{"line":61,"column":1}},"line":59},"9":{"name":"updateCurrentUser","decl":{"start":{"line":66,"column":16},"end":{"line":66,"column":33}},"loc":{"start":{"line":66,"column":40},"end":{"line":68,"column":1}},"line":66},"10":{"name":"followUser","decl":{"start":{"line":72,"column":16},"end":{"line":72,"column":26}},"loc":{"start":{"line":72,"column":41},"end":{"line":74,"column":1}},"line":72},"11":{"name":"unfollowUser","decl":{"start":{"line":78,"column":16},"end":{"line":78,"column":28}},"loc":{"start":{"line":78,"column":43},"end":{"line":80,"column":1}},"line":78},"12":{"name":"getMyPosts","decl":{"start":{"line":84,"column":16},"end":{"line":84,"column":26}},"loc":{"start":{"line":84,"column":48},"end":{"line":86,"column":1}},"line":84},"13":{"name":"getMyFavorites","decl":{"start":{"line":90,"column":16},"end":{"line":90,"column":30}},"loc":{"start":{"line":90,"column":52},"end":{"line":92,"column":1}},"line":90},"14":{"name":"getMyOrders","decl":{"start":{"line":96,"column":16},"end":{"line":96,"column":27}},"loc":{"start":{"line":96,"column":49},"end":{"line":98,"column":1}},"line":96},"15":{"name":"getMyFollowing","decl":{"start":{"line":102,"column":16},"end":{"line":102,"column":30}},"loc":{"start":{"line":102,"column":52},"end":{"line":104,"column":1}},"line":102},"16":{"name":"getMyFollowers","decl":{"start":{"line":108,"column":16},"end":{"line":108,"column":30}},"loc":{"start":{"line":108,"column":52},"end":{"line":110,"column":1}},"line":108},"17":{"name":"getUserPosts","decl":{"start":{"line":113,"column":16},"end":{"line":113,"column":28}},"loc":{"start":{"line":113,"column":50},"end":{"line":115,"column":1}},"line":113}},"branchMap":{"0":{"loc":{"start":{"line":4,"column":18},"end":{"line":4,"column":28}},"type":"binary-expr","locations":[{"start":{"line":4,"column":18},"end":{"line":4,"column":22}},{"start":{"line":4,"column":26},"end":{"line":4,"column":28}}],"line":4},"1":{"loc":{"start":{"line":5,"column":16},"end":{"line":5,"column":48}},"type":"binary-expr","locations":[{"start":{"line":5,"column":16},"end":{"line":5,"column":29}},{"start":{"line":5,"column":33},"end":{"line":5,"column":48}}],"line":5},"2":{"loc":{"start":{"line":14,"column":9},"end":{"line":14,"column":70}},"type":"cond-expr","locations":[{"start":{"line":14,"column":18},"end":{"line":14,"column":46}},{"start":{"line":14,"column":49},"end":{"line":14,"column":70}}],"line":14},"3":{"loc":{"start":{"line":31,"column":25},"end":{"line":31,"column":36}},"type":"default-arg","locations":[{"start":{"line":31,"column":34},"end":{"line":31,"column":36}}],"line":31},"4":{"loc":{"start":{"line":37,"column":37},"end":{"line":37,"column":48}},"type":"default-arg","locations":[{"start":{"line":37,"column":46},"end":{"line":37,"column":48}}],"line":37},"5":{"loc":{"start":{"line":47,"column":43},"end":{"line":47,"column":54}},"type":"default-arg","locations":[{"start":{"line":47,"column":52},"end":{"line":47,"column":54}}],"line":47},"6":{"loc":{"start":{"line":84,"column":27},"end":{"line":84,"column":38}},"type":"default-arg","locations":[{"start":{"line":84,"column":36},"end":{"line":84,"column":38}}],"line":84},"7":{"loc":{"start":{"line":90,"column":31},"end":{"line":90,"column":42}},"type":"default-arg","locations":[{"start":{"line":90,"column":40},"end":{"line":90,"column":42}}],"line":90},"8":{"loc":{"start":{"line":96,"column":28},"end":{"line":96,"column":39}},"type":"default-arg","locations":[{"start":{"line":96,"column":37},"end":{"line":96,"column":39}}],"line":96},"9":{"loc":{"start":{"line":102,"column":31},"end":{"line":102,"column":42}},"type":"default-arg","locations":[{"start":{"line":102,"column":40},"end":{"line":102,"column":42}}],"line":102},"10":{"loc":{"start":{"line":108,"column":31},"end":{"line":108,"column":42}},"type":"default-arg","locations":[{"start":{"line":108,"column":40},"end":{"line":108,"column":42}}],"line":108},"11":{"loc":{"start":{"line":113,"column":37},"end":{"line":113,"column":48}},"type":"default-arg","locations":[{"start":{"line":113,"column":46},"end":{"line":113,"column":48}}],"line":113}},"s":{"0":2,"1":2,"2":2,"3":5,"4":1,"5":1,"6":1,"7":2,"8":1,"9":1,"10":1,"11":1,"12":1,"13":1,"14":1,"15":1,"16":1,"17":1,"18":1,"19":0},"f":{"0":2,"1":5,"2":1,"3":1,"4":1,"5":2,"6":1,"7":1,"8":1,"9":1,"10":1,"11":1,"12":1,"13":1,"14":1,"15":1,"16":1,"17":0},"b":{"0":[2,0],"1":[2,1],"2":[4,1],"3":[0],"4":[0],"5":[0],"6":[0],"7":[0],"8":[0],"9":[0],"10":[0],"11":[0]},"_coverageSchema":"1a1c01bbd47fc00a2c39e90264f33305004495a9","hash":"578e0567d620dcf432d6d5cc2299ec4a9cd04d5a"}
,"D:\\编程-vscode\\VUE\\pawhub\\src\\assets\\cat.png": {"path":"D:\\编程-vscode\\VUE\\pawhub\\src\\assets\\cat.png","statementMap":{"0":{"start":{"line":1,"column":0},"end":{"line":1,"column":19}}},"fnMap":{},"branchMap":{},"s":{"0":1},"f":{},"b":{},"_coverageSchema":"1a1c01bbd47fc00a2c39e90264f33305004495a9","hash":"ee7a0623ed8fc858a53aefbf892e947ccd20c76e"}
,"D:\\编程-vscode\\VUE\\pawhub\\src\\components\\BottomNav.vue": {"path":"D:\\编程-vscode\\VUE\\pawhub\\src\\components\\BottomNav.vue","statementMap":{"0":{"start":{"line":26,"column":0},"end":{"line":30,"column":null}},"1":{"start":{"line":1,"column":0},"end":{"line":1,"column":null}}},"fnMap":{"0":{"name":"(anonymous_0)","decl":{"start":{"line":1,"column":0},"end":{"line":1,"column":null}},"loc":{"start":{"line":1,"column":0},"end":{"line":1,"column":null}}}},"branchMap":{},"s":{"0":5,"1":21},"f":{"0":2},"b":{}}
,"D:\\编程-vscode\\VUE\\pawhub\\src\\components\\MessageList.vue": {"path":"D:\\编程-vscode\\VUE\\pawhub\\src\\components\\MessageList.vue","statementMap":{"0":{"start":{"line":1,"column":0},"end":{"line":1,"column":null}}},"fnMap":{"0":{"name":"(anonymous_0)","decl":{"start":{"line":1,"column":0},"end":{"line":1,"column":null}},"loc":{"start":{"line":1,"column":0},"end":{"line":1,"column":null}}}},"branchMap":{"0":{"loc":{"start":{"line":1,"column":0},"end":{"line":1,"column":null}},"type":"cond-expr","locations":[{"start":{"line":1,"column":0},"end":{"line":1,"column":null}},{"start":{"line":1,"column":0},"end":{"line":1,"column":null}}]}},"s":{"0":20},"f":{"0":6},"b":{"0":[6,4]}}
,"D:\\编程-vscode\\VUE\\pawhub\\src\\components\\OrderList.vue": {"path":"D:\\编程-vscode\\VUE\\pawhub\\src\\components\\OrderList.vue","statementMap":{"0":{"start":{"line":60,"column":0},"end":{"line":87,"column":null}},"1":{"start":{"line":1,"column":0},"end":{"line":1,"column":null}}},"fnMap":{"0":{"name":"(anonymous_3)","decl":{"start":{"line":1,"column":0},"end":{"line":1,"column":null}},"loc":{"start":{"line":1,"column":0},"end":{"line":1,"column":null}}}},"branchMap":{"0":{"loc":{"start":{"line":1,"column":0},"end":{"line":1,"column":null}},"type":"cond-expr","locations":[{"start":{"line":1,"column":0},"end":{"line":1,"column":null}},{"start":{"line":1,"column":0},"end":{"line":1,"column":null}}]}},"s":{"0":2,"1":29},"f":{"0":15},"b":{"0":[8,8]}}
,"D:\\编程-vscode\\VUE\\pawhub\\src\\components\\PostCard.vue": {"path":"D:\\编程-vscode\\VUE\\pawhub\\src\\components\\PostCard.vue","statementMap":{"0":{"start":{"line":54,"column":0},"end":{"line":105,"column":null}},"1":{"start":{"line":1,"column":0},"end":{"line":1,"column":null}}},"fnMap":{"0":{"name":"(anonymous_6)","decl":{"start":{"line":1,"column":0},"end":{"line":1,"column":null}},"loc":{"start":{"line":1,"column":0},"end":{"line":1,"column":null}}}},"branchMap":{"0":{"loc":{"start":{"line":1,"column":0},"end":{"line":1,"column":null}},"type":"cond-expr","locations":[{"start":{"line":1,"column":0},"end":{"line":1,"column":null}},{"start":{"line":1,"column":0},"end":{"line":1,"column":null}}]}},"s":{"0":5,"1":47},"f":{"0":22},"b":{"0":[8,0]}}
,"D:\\编程-vscode\\VUE\\pawhub\\src\\components\\PostCommentList.vue": {"path":"D:\\编程-vscode\\VUE\\pawhub\\src\\components\\PostCommentList.vue","statementMap":{"0":{"start":{"line":100,"column":0},"end":{"line":323,"column":null}},"1":{"start":{"line":1,"column":0},"end":{"line":1,"column":null}}},"fnMap":{"0":{"name":"(anonymous_20)","decl":{"start":{"line":1,"column":0},"end":{"line":1,"column":null}},"loc":{"start":{"line":1,"column":0},"end":{"line":1,"column":null}}}},"branchMap":{"0":{"loc":{"start":{"line":1,"column":0},"end":{"line":1,"column":null}},"type":"cond-expr","locations":[{"start":{"line":1,"column":0},"end":{"line":1,"column":null}},{"start":{"line":1,"column":0},"end":{"line":1,"column":null}}]},"1":{"loc":{"start":{"line":1,"column":0},"end":{"line":1,"column":null}},"type":"if","locations":[{"start":{"line":1,"column":0},"end":{"line":1,"column":null}}]},"2":{"loc":{"start":{"line":1,"column":0},"end":{"line":1,"column":null}},"type":"binary-expr","locations":[{"start":{"line":1,"column":0},"end":{"line":1,"column":null}},{"start":{"line":1,"column":0},"end":{"line":1,"column":null}},{"start":{"line":1,"column":0},"end":{"line":1,"column":null}}]},"3":{"loc":{"start":{"line":1,"column":0},"end":{"line":1,"column":null}},"type":"binary-expr","locations":[{"start":{"line":1,"column":0},"end":{"line":1,"column":null}},{"start":{"line":1,"column":0},"end":{"line":1,"column":null}},{"start":{"line":1,"column":0},"end":{"line":1,"column":null}},{"start":{"line":1,"column":0},"end":{"line":1,"column":null}}]}},"s":{"0":3,"1":12},"f":{"0":1},"b":{"0":[0,0],"1":[0],"2":[0,0,0],"3":[0,0,0,0]}}
,"D:\\编程-vscode\\VUE\\pawhub\\src\\components\\SearchBar.vue": {"path":"D:\\编程-vscode\\VUE\\pawhub\\src\\components\\SearchBar.vue","statementMap":{"0":{"start":{"line":15,"column":0},"end":{"line":45,"column":null}},"1":{"start":{"line":1,"column":0},"end":{"line":1,"column":null}}},"fnMap":{"0":{"name":"(anonymous_3)","decl":{"start":{"line":1,"column":0},"end":{"line":1,"column":null}},"loc":{"start":{"line":1,"column":0},"end":{"line":1,"column":null}}}},"branchMap":{"0":{"loc":{"start":{"line":1,"column":0},"end":{"line":1,"column":null}},"type":"if","locations":[{"start":{"line":1,"column":0},"end":{"line":1,"column":null}}]},"1":{"loc":{"start":{"line":1,"column":0},"end":{"line":1,"column":null}},"type":"binary-expr","locations":[{"start":{"line":1,"column":0},"end":{"line":1,"column":null}},{"start":{"line":1,"column":0},"end":{"line":1,"column":null}}]}},"s":{"0":3,"1":28},"f":{"0":7},"b":{"0":[0],"1":[1,1]}}
,"D:\\编程-vscode\\VUE\\pawhub\\src\\components\\ServiceCard.vue": {"path":"D:\\编程-vscode\\VUE\\pawhub\\src\\components\\ServiceCard.vue","statementMap":{"0":{"start":{"line":52,"column":0},"end":{"line":92,"column":null}},"1":{"start":{"line":1,"column":0},"end":{"line":1,"column":null}}},"fnMap":{"0":{"name":"(anonymous_2)","decl":{"start":{"line":1,"column":0},"end":{"line":1,"column":null}},"loc":{"start":{"line":1,"column":0},"end":{"line":1,"column":null}}}},"branchMap":{"0":{"loc":{"start":{"line":1,"column":0},"end":{"line":1,"column":null}},"type":"cond-expr","locations":[{"start":{"line":1,"column":0},"end":{"line":1,"column":null}},{"start":{"line":1,"column":0},"end":{"line":1,"column":null}}]}},"s":{"0":4,"1":15},"f":{"0":1},"b":{"0":[0,0]}}
,"D:\\编程-vscode\\VUE\\pawhub\\src\\components\\ServiceMenu.vue": {"path":"D:\\编程-vscode\\VUE\\pawhub\\src\\components\\ServiceMenu.vue","statementMap":{"0":{"start":{"line":21,"column":0},"end":{"line":49,"column":null}},"1":{"start":{"line":1,"column":0},"end":{"line":1,"column":null}}},"fnMap":{"0":{"name":"(anonymous_2)","decl":{"start":{"line":1,"column":0},"end":{"line":1,"column":null}},"loc":{"start":{"line":1,"column":0},"end":{"line":1,"column":null}}}},"branchMap":{},"s":{"0":2,"1":15},"f":{"0":7},"b":{}}
,"D:\\编程-vscode\\VUE\\pawhub\\src\\components\\UserCard.vue": {"path":"D:\\编程-vscode\\VUE\\pawhub\\src\\components\\UserCard.vue","statementMap":{"0":{"start":{"line":24,"column":0},"end":{"line":45,"column":null}},"1":{"start":{"line":1,"column":0},"end":{"line":1,"column":null}}},"fnMap":{"0":{"name":"(anonymous_1)","decl":{"start":{"line":1,"column":0},"end":{"line":1,"column":null}},"loc":{"start":{"line":1,"column":0},"end":{"line":1,"column":null}}}},"branchMap":{"0":{"loc":{"start":{"line":1,"column":0},"end":{"line":1,"column":null}},"type":"cond-expr","locations":[{"start":{"line":1,"column":0},"end":{"line":1,"column":null}},{"start":{"line":1,"column":0},"end":{"line":1,"column":null}}]}},"s":{"0":4,"1":30},"f":{"0":7},"b":{"0":[1,4]}}
,"D:\\编程-vscode\\VUE\\pawhub\\src\\views\\Main\\HomeView.vue": {"path":"D:\\编程-vscode\\VUE\\pawhub\\src\\views\\Main\\HomeView.vue","statementMap":{"0":{"start":{"line":1,"column":0},"end":{"line":1,"column":null}}},"fnMap":{"0":{"name":"(anonymous_0)","decl":{"start":{"line":1,"column":0},"end":{"line":1,"column":null}},"loc":{"start":{"line":1,"column":0},"end":{"line":1,"column":null}}}},"branchMap":{"0":{"loc":{"start":{"line":1,"column":0},"end":{"line":1,"column":null}},"type":"cond-expr","locations":[{"start":{"line":1,"column":0},"end":{"line":1,"column":null}},{"start":{"line":1,"column":0},"end":{"line":1,"column":null}}]}},"s":{"0":24},"f":{"0":9},"b":{"0":[3,6]}}
,"D:\\编程-vscode\\VUE\\pawhub\\src\\views\\Main\\MessageView.vue": {"path":"D:\\编程-vscode\\VUE\\pawhub\\src\\views\\Main\\MessageView.vue","statementMap":{"0":{"start":{"line":1,"column":0},"end":{"line":1,"column":null}}},"fnMap":{"0":{"name":"(anonymous_0)","decl":{"start":{"line":1,"column":0},"end":{"line":1,"column":null}},"loc":{"start":{"line":1,"column":0},"end":{"line":1,"column":null}}}},"branchMap":{},"s":{"0":6},"f":{"0":1},"b":{}}
,"D:\\编程-vscode\\VUE\\pawhub\\src\\views\\Main\\MineView.vue": {"path":"D:\\编程-vscode\\VUE\\pawhub\\src\\views\\Main\\MineView.vue","statementMap":{"0":{"start":{"line":1,"column":0},"end":{"line":1,"column":null}}},"fnMap":{"0":{"name":"(anonymous_0)","decl":{"start":{"line":1,"column":0},"end":{"line":1,"column":null}},"loc":{"start":{"line":1,"column":0},"end":{"line":1,"column":null}}}},"branchMap":{"0":{"loc":{"start":{"line":1,"column":0},"end":{"line":1,"column":null}},"type":"cond-expr","locations":[{"start":{"line":1,"column":0},"end":{"line":1,"column":null}},{"start":{"line":1,"column":0},"end":{"line":1,"column":null}}]}},"s":{"0":35},"f":{"0":12},"b":{"0":[7,6]}}
,"D:\\编程-vscode\\VUE\\pawhub\\src\\views\\Main\\PublishView.vue": {"path":"D:\\编程-vscode\\VUE\\pawhub\\src\\views\\Main\\PublishView.vue","statementMap":{"0":{"start":{"line":1,"column":0},"end":{"line":1,"column":null}}},"fnMap":{"0":{"name":"(anonymous_0)","decl":{"start":{"line":1,"column":0},"end":{"line":1,"column":null}},"loc":{"start":{"line":1,"column":0},"end":{"line":1,"column":null}}}},"branchMap":{"0":{"loc":{"start":{"line":1,"column":0},"end":{"line":1,"column":null}},"type":"cond-expr","locations":[{"start":{"line":1,"column":0},"end":{"line":1,"column":null}},{"start":{"line":1,"column":0},"end":{"line":1,"column":null}}]},"1":{"loc":{"start":{"line":1,"column":0},"end":{"line":1,"column":null}},"type":"if","locations":[{"start":{"line":1,"column":0},"end":{"line":1,"column":null}}]}},"s":{"0":31},"f":{"0":14},"b":{"0":[15,13],"1":[0]}}
,"D:\\编程-vscode\\VUE\\pawhub\\src\\views\\Messages\\MessagesDetailsView.vue": {"path":"D:\\编程-vscode\\VUE\\pawhub\\src\\views\\Messages\\MessagesDetailsView.vue","statementMap":{"0":{"start":{"line":1,"column":0},"end":{"line":1,"column":null}}},"fnMap":{"0":{"name":"(anonymous_0)","decl":{"start":{"line":1,"column":0},"end":{"line":1,"column":null}},"loc":{"start":{"line":1,"column":0},"end":{"line":1,"column":null}}}},"branchMap":{"0":{"loc":{"start":{"line":1,"column":0},"end":{"line":1,"column":null}},"type":"binary-expr","locations":[{"start":{"line":1,"column":0},"end":{"line":1,"column":null}},{"start":{"line":1,"column":0},"end":{"line":1,"column":null}}]},"1":{"loc":{"start":{"line":1,"column":0},"end":{"line":1,"column":null}},"type":"binary-expr","locations":[{"start":{"line":1,"column":0},"end":{"line":1,"column":null}},{"start":{"line":1,"column":0},"end":{"line":1,"column":null}},{"start":{"line":1,"column":0},"end":{"line":1,"column":null}}]},"2":{"loc":{"start":{"line":1,"column":0},"end":{"line":1,"column":null}},"type":"if","locations":[{"start":{"line":1,"column":0},"end":{"line":1,"column":null}}]}},"s":{"0":58},"f":{"0":23},"b":{"0":[31,73],"1":[48,39,39],"2":[0]}}
,"D:\\编程-vscode\\VUE\\pawhub\\src\\views\\Posts\\PostDetailsView.vue": {"path":"D:\\编程-vscode\\VUE\\pawhub\\src\\views\\Posts\\PostDetailsView.vue","statementMap":{"0":{"start":{"line":105,"column":0},"end":{"line":105,"column":null}}},"fnMap":{"0":{"name":"(anonymous_0)","decl":{"start":{"line":105,"column":0},"end":{"line":105,"column":null}},"loc":{"start":{"line":105,"column":0},"end":{"line":105,"column":null}}}},"branchMap":{"0":{"loc":{"start":{"line":105,"column":0},"end":{"line":105,"column":null}},"type":"cond-expr","locations":[{"start":{"line":105,"column":0},"end":{"line":105,"column":null}},{"start":{"line":105,"column":0},"end":{"line":105,"column":null}}]},"1":{"loc":{"start":{"line":105,"column":0},"end":{"line":105,"column":null}},"type":"if","locations":[{"start":{"line":105,"column":0},"end":{"line":105,"column":null}}]}},"s":{"0":231},"f":{"0":156},"b":{"0":[144,105],"1":[0]}}
,"D:\\编程-vscode\\VUE\\pawhub\\src\\views\\Search\\SearchResultsView.vue": {"path":"D:\\编程-vscode\\VUE\\pawhub\\src\\views\\Search\\SearchResultsView.vue","statementMap":{"0":{"start":{"line":1,"column":0},"end":{"line":1,"column":null}}},"fnMap":{"0":{"name":"(anonymous_0)","decl":{"start":{"line":1,"column":0},"end":{"line":1,"column":null}},"loc":{"start":{"line":1,"column":0},"end":{"line":1,"column":null}}}},"branchMap":{"0":{"loc":{"start":{"line":1,"column":0},"end":{"line":1,"column":null}},"type":"binary-expr","locations":[{"start":{"line":1,"column":0},"end":{"line":1,"column":null}},{"start":{"line":1,"column":0},"end":{"line":1,"column":null}}]}},"s":{"0":38},"f":{"0":15},"b":{"0":[10,20]}}
,"D:\\编程-vscode\\VUE\\pawhub\\src\\views\\Search\\SearchView.vue": {"path":"D:\\编程-vscode\\VUE\\pawhub\\src\\views\\Search\\SearchView.vue","statementMap":{"0":{"start":{"line":1,"column":0},"end":{"line":1,"column":null}}},"fnMap":{"0":{"name":"(anonymous_0)","decl":{"start":{"line":1,"column":0},"end":{"line":1,"column":null}},"loc":{"start":{"line":1,"column":0},"end":{"line":1,"column":null}}}},"branchMap":{"0":{"loc":{"start":{"line":1,"column":0},"end":{"line":1,"column":null}},"type":"if","locations":[{"start":{"line":1,"column":0},"end":{"line":1,"column":null}}]},"1":{"loc":{"start":{"line":1,"column":0},"end":{"line":1,"column":null}},"type":"binary-expr","locations":[{"start":{"line":1,"column":0},"end":{"line":1,"column":null}},{"start":{"line":1,"column":0},"end":{"line":1,"column":null}}]}},"s":{"0":96},"f":{"0":71},"b":{"0":[0],"1":[12,11]}}
,"D:\\编程-vscode\\VUE\\pawhub\\src\\views\\Service\\AppointmentView.vue": {"path":"D:\\编程-vscode\\VUE\\pawhub\\src\\views\\Service\\AppointmentView.vue","statementMap":{"0":{"start":{"line":1,"column":0},"end":{"line":1,"column":null}}},"fnMap":{"0":{"name":"(anonymous_0)","decl":{"start":{"line":1,"column":0},"end":{"line":1,"column":null}},"loc":{"start":{"line":1,"column":0},"end":{"line":1,"column":null}}}},"branchMap":{"0":{"loc":{"start":{"line":1,"column":0},"end":{"line":1,"column":null}},"type":"if","locations":[{"start":{"line":1,"column":0},"end":{"line":1,"column":null}}]}},"s":{"0":94},"f":{"0":81},"b":{"0":[0]}}
,"D:\\编程-vscode\\VUE\\pawhub\\src\\views\\Service\\ServiceDetailsView.vue": {"path":"D:\\编程-vscode\\VUE\\pawhub\\src\\views\\Service\\ServiceDetailsView.vue","statementMap":{"0":{"start":{"line":1,"column":0},"end":{"line":1,"column":null}}},"fnMap":{"0":{"name":"(anonymous_0)","decl":{"start":{"line":1,"column":0},"end":{"line":1,"column":null}},"loc":{"start":{"line":1,"column":0},"end":{"line":1,"column":null}}}},"branchMap":{"0":{"loc":{"start":{"line":1,"column":0},"end":{"line":1,"column":null}},"type":"cond-expr","locations":[{"start":{"line":1,"column":0},"end":{"line":1,"column":null}},{"start":{"line":1,"column":0},"end":{"line":1,"column":null}}]}},"s":{"0":34},"f":{"0":25},"b":{"0":[8,27]}}
,"D:\\编程-vscode\\VUE\\pawhub\\src\\views\\Service\\ServiceMerchantView.vue": {"path":"D:\\编程-vscode\\VUE\\pawhub\\src\\views\\Service\\ServiceMerchantView.vue","statementMap":{"0":{"start":{"line":1,"column":0},"end":{"line":1,"column":null}}},"fnMap":{"0":{"name":"(anonymous_0)","decl":{"start":{"line":1,"column":0},"end":{"line":1,"column":null}},"loc":{"start":{"line":1,"column":0},"end":{"line":1,"column":null}}}},"branchMap":{"0":{"loc":{"start":{"line":1,"column":0},"end":{"line":1,"column":null}},"type":"cond-expr","locations":[{"start":{"line":1,"column":0},"end":{"line":1,"column":null}},{"start":{"line":1,"column":0},"end":{"line":1,"column":null}}]},"1":{"loc":{"start":{"line":1,"column":0},"end":{"line":1,"column":null}},"type":"if","locations":[{"start":{"line":1,"column":0},"end":{"line":1,"column":null}}]}},"s":{"0":6},"f":{"0":1},"b":{"0":[1,5],"1":[0]}}
,"D:\\编程-vscode\\VUE\\pawhub\\src\\views\\Users\\EditView.vue": {"path":"D:\\编程-vscode\\VUE\\pawhub\\src\\views\\Users\\EditView.vue","statementMap":{"0":{"start":{"line":1,"column":0},"end":{"line":1,"column":null}}},"fnMap":{"0":{"name":"(anonymous_0)","decl":{"start":{"line":1,"column":0},"end":{"line":1,"column":null}},"loc":{"start":{"line":1,"column":0},"end":{"line":1,"column":null}}}},"branchMap":{"0":{"loc":{"start":{"line":1,"column":0},"end":{"line":1,"column":null}},"type":"if","locations":[{"start":{"line":1,"column":0},"end":{"line":1,"column":null}}]}},"s":{"0":30},"f":{"0":9},"b":{"0":[0]}}
,"D:\\编程-vscode\\VUE\\pawhub\\src\\views\\Users\\FansView.vue": {"path":"D:\\编程-vscode\\VUE\\pawhub\\src\\views\\Users\\FansView.vue","statementMap":{"0":{"start":{"line":1,"column":0},"end":{"line":1,"column":null}}},"fnMap":{"0":{"name":"(anonymous_0)","decl":{"start":{"line":1,"column":0},"end":{"line":1,"column":null}},"loc":{"start":{"line":1,"column":0},"end":{"line":1,"column":null}}}},"branchMap":{},"s":{"0":32},"f":{"0":13},"b":{}}
,"D:\\编程-vscode\\VUE\\pawhub\\src\\views\\Users\\FocusView.vue": {"path":"D:\\编程-vscode\\VUE\\pawhub\\src\\views\\Users\\FocusView.vue","statementMap":{"0":{"start":{"line":1,"column":0},"end":{"line":1,"column":null}}},"fnMap":{"0":{"name":"(anonymous_0)","decl":{"start":{"line":1,"column":0},"end":{"line":1,"column":null}},"loc":{"start":{"line":1,"column":0},"end":{"line":1,"column":null}}}},"branchMap":{},"s":{"0":27},"f":{"0":10},"b":{}}
,"D:\\编程-vscode\\VUE\\pawhub\\src\\views\\Users\\LoginView.vue": {"path":"D:\\编程-vscode\\VUE\\pawhub\\src\\views\\Users\\LoginView.vue","statementMap":{"0":{"start":{"line":1,"column":0},"end":{"line":1,"column":null}}},"fnMap":{"0":{"name":"(anonymous_0)","decl":{"start":{"line":1,"column":0},"end":{"line":1,"column":null}},"loc":{"start":{"line":1,"column":0},"end":{"line":1,"column":null}}}},"branchMap":{"0":{"loc":{"start":{"line":1,"column":0},"end":{"line":1,"column":null}},"type":"if","locations":[{"start":{"line":1,"column":0},"end":{"line":1,"column":null}}]}},"s":{"0":91},"f":{"0":30},"b":{"0":[0]}}
,"D:\\编程-vscode\\VUE\\pawhub\\src\\views\\Users\\OrderDetailsView.vue": {"path":"D:\\编程-vscode\\VUE\\pawhub\\src\\views\\Users\\OrderDetailsView.vue","statementMap":{"0":{"start":{"line":1,"column":0},"end":{"line":1,"column":null}}},"fnMap":{"0":{"name":"(anonymous_0)","decl":{"start":{"line":1,"column":0},"end":{"line":1,"column":null}},"loc":{"start":{"line":1,"column":0},"end":{"line":1,"column":null}}}},"branchMap":{"0":{"loc":{"start":{"line":1,"column":0},"end":{"line":1,"column":null}},"type":"binary-expr","locations":[{"start":{"line":1,"column":0},"end":{"line":1,"column":null}},{"start":{"line":1,"column":0},"end":{"line":1,"column":null}}]},"1":{"loc":{"start":{"line":1,"column":0},"end":{"line":1,"column":null}},"type":"binary-expr","locations":[{"start":{"line":1,"column":0},"end":{"line":1,"column":null}},{"start":{"line":1,"column":0},"end":{"line":1,"column":null}},{"start":{"line":1,"column":0},"end":{"line":1,"column":null}}]}},"s":{"0":21},"f":{"0":6},"b":{"0":[50,40],"1":[6,5,5]}}
,"D:\\编程-vscode\\VUE\\pawhub\\src\\views\\Users\\RegisterView.vue": {"path":"D:\\编程-vscode\\VUE\\pawhub\\src\\views\\Users\\RegisterView.vue","statementMap":{"0":{"start":{"line":1,"column":0},"end":{"line":1,"column":null}}},"fnMap":{"0":{"name":"(anonymous_0)","decl":{"start":{"line":1,"column":0},"end":{"line":1,"column":null}},"loc":{"start":{"line":1,"column":0},"end":{"line":1,"column":null}}}},"branchMap":{"0":{"loc":{"start":{"line":1,"column":0},"end":{"line":1,"column":null}},"type":"if","locations":[{"start":{"line":1,"column":0},"end":{"line":1,"column":null}}]},"1":{"loc":{"start":{"line":1,"column":0},"end":{"line":1,"column":null}},"type":"cond-expr","locations":[{"start":{"line":1,"column":0},"end":{"line":1,"column":null}},{"start":{"line":1,"column":0},"end":{"line":1,"column":null}}]}},"s":{"0":101},"f":{"0":34},"b":{"0":[0],"1":[3,27]}}
,"D:\\编程-vscode\\VUE\\pawhub\\src\\views\\Users\\SettingView.vue": {"path":"D:\\编程-vscode\\VUE\\pawhub\\src\\views\\Users\\SettingView.vue","statementMap":{"0":{"start":{"line":28,"column":0},"end":{"line":60,"column":null}},"1":{"start":{"line":1,"column":0},"end":{"line":1,"column":null}}},"fnMap":{"0":{"name":"(anonymous_3)","decl":{"start":{"line":1,"column":0},"end":{"line":1,"column":null}},"loc":{"start":{"line":1,"column":0},"end":{"line":1,"column":null}}}},"branchMap":{},"s":{"0":1,"1":24},"f":{"0":15},"b":{}}
,"D:\\编程-vscode\\VUE\\pawhub\\src\\views\\Users\\UserInformationView.vue": {"path":"D:\\编程-vscode\\VUE\\pawhub\\src\\views\\Users\\UserInformationView.vue","statementMap":{"0":{"start":{"line":1,"column":0},"end":{"line":1,"column":null}}},"fnMap":{"0":{"name":"(anonymous_0)","decl":{"start":{"line":1,"column":0},"end":{"line":1,"column":null}},"loc":{"start":{"line":1,"column":0},"end":{"line":1,"column":null}}}},"branchMap":{"0":{"loc":{"start":{"line":1,"column":0},"end":{"line":1,"column":null}},"type":"cond-expr","locations":[{"start":{"line":1,"column":0},"end":{"line":1,"column":null}},{"start":{"line":1,"column":0},"end":{"line":1,"column":null}}]}},"s":{"0":25},"f":{"0":8},"b":{"0":[9,5]}}
}
