TN:
SF:src\api\ai.js
FN:4,getSearchSuggestions
FN:11,getHotSearchTerms
FNF:2
FNH:2
FNDA:1,getSearchSuggestions
FNDA:1,getHotSearchTerms
DA:5,1
DA:12,1
LF:2
LH:2
BRF:0
BRH:0
end_of_record
TN:
SF:src\api\client.js
FN:12,(anonymous_0)
FN:27,(anonymous_1)
FN:28,(anonymous_2)
FNF:3
FNH:0
FNDA:0,(anonymous_0)
FNDA:0,(anonymous_1)
FNDA:0,(anonymous_2)
DA:3,4
DA:12,4
DA:13,0
DA:15,0
DA:17,0
DA:19,0
DA:22,0
DA:26,4
DA:27,0
DA:29,0
DA:30,0
LF:11
LH:3
BRDA:15,0,0,0
BRDA:15,0,1,0
BRF:2
BRH:0
end_of_record
TN:
SF:src\api\messages.js
FN:3,getMessageScopedPath
FN:15,getMessages
FN:22,getConversationList
FN:29,getConversationMessages
FN:38,createPrivateMessage
FN:43,markConversationAsRead
FN:48,getUnreadMessageCount
FN:54,getPrivateMessages
FN:62,sendPrivateMessage
FNF:9
FNH:9
FNDA:8,getMessageScopedPath
FNDA:1,getMessages
FNDA:1,getConversationList
FNDA:2,getConversationMessages
FNDA:2,createPrivateMessage
FNDA:1,markConversationAsRead
FNDA:1,getUnreadMessageCount
FNDA:2,getPrivateMessages
FNDA:1,sendPrivateMessage
DA:4,8
DA:6,8
DA:7,2
DA:10,6
DA:16,1
DA:23,1
DA:30,2
DA:39,2
DA:44,1
DA:49,1
DA:55,2
DA:56,1
DA:58,1
DA:63,1
LF:14
LH:14
BRDA:6,0,0,2
BRDA:6,0,1,6
BRDA:15,1,0,0
BRDA:22,2,0,0
BRDA:29,3,0,0
BRDA:54,4,0,0
BRDA:55,5,0,1
BRDA:55,5,1,1
BRF:8
BRH:4
end_of_record
TN:
SF:src\api\orders.js
FN:3,normalizeOrderPayload
FN:14,getOrderScopedPath
FN:24,getOrders
FN:30,createOrder
FN:35,getMyOrders
FN:41,getOrderDetail
FN:46,cancelOrder
FN:52,updateOrderStatus
FNF:8
FNH:8
FNDA:1,normalizeOrderPayload
FNDA:2,getOrderScopedPath
FNDA:2,getOrders
FNDA:1,createOrder
FNDA:2,getMyOrders
FNDA:1,getOrderDetail
FNDA:1,cancelOrder
FNDA:1,updateOrderStatus
DA:4,1
DA:15,2
DA:16,2
DA:19,0
DA:25,2
DA:31,1
DA:36,2
DA:42,1
DA:47,1
DA:53,1
LF:10
LH:9
BRDA:3,0,0,0
BRDA:5,1,0,1
BRDA:5,1,1,1
BRDA:5,1,2,0
BRDA:6,2,0,1
BRDA:6,2,1,1
BRDA:6,2,2,0
BRDA:7,3,0,1
BRDA:7,3,1,1
BRDA:7,3,2,0
BRDA:8,4,0,1
BRDA:8,4,1,1
BRDA:8,4,2,0
BRDA:9,5,0,1
BRDA:9,5,1,0
BRDA:10,6,0,1
BRDA:10,6,1,0
BRDA:15,7,0,2
BRDA:15,7,1,0
BRDA:16,8,0,1
BRDA:16,8,1,1
BRDA:19,9,0,0
BRDA:19,9,1,0
BRDA:24,10,0,0
BRDA:35,11,0,0
BRF:25
BRH:13
end_of_record
TN:
SF:src\api\posts.js
FN:3,normalizePostPayload
FN:13,getPosts
FN:20,searchPosts
FN:30,getPostsByKeyword
FN:35,getPostDetail
FN:41,createPost
FN:46,deletePost
FN:51,likePost
FN:56,unlikePost
FN:62,getComments
FN:67,createComment
FN:72,likeComment
FN:77,unlikeComment
FN:82,deleteComment
FN:88,replyComment
FNF:15
FNH:15
FNDA:1,normalizePostPayload
FNDA:1,getPosts
FNDA:2,searchPosts
FNDA:1,getPostsByKeyword
FNDA:1,getPostDetail
FNDA:1,createPost
FNDA:1,deletePost
FNDA:1,likePost
FNDA:1,unlikePost
FNDA:1,getComments
FNDA:1,createComment
FNDA:1,likeComment
FNDA:1,unlikeComment
FNDA:1,deleteComment
FNDA:1,replyComment
DA:4,1
DA:14,1
DA:21,2
DA:31,1
DA:36,1
DA:42,1
DA:47,1
DA:52,1
DA:57,1
DA:63,1
DA:68,1
DA:73,1
DA:78,1
DA:83,1
DA:89,1
LF:15
LH:15
BRDA:3,0,0,0
BRDA:5,1,0,1
BRDA:5,1,1,0
BRDA:6,2,0,1
BRDA:6,2,1,0
BRDA:7,3,0,1
BRDA:7,3,1,0
BRDA:13,4,0,0
BRDA:20,5,0,0
BRDA:30,6,0,0
BRDA:62,7,0,0
BRF:11
BRH:3
end_of_record
TN:
SF:src\api\services.js
FN:4,normalizeServicePayload
FN:19,getUserScopedPath
FN:29,getServices
FN:34,searchServices
FN:44,getServicesByType
FN:54,getServiceDetail
FN:60,getService
FN:66,getServiceReviews
FN:71,createServiceReview
FN:77,replyServiceReview
FN:81,getReviewReplies
FN:86,deleteServiceReview
FN:91,likeServiceReview
FN:96,unlikeServiceReview
FN:102,addFavorite
FN:108,removeFavorite
FNF:16
FNH:12
FNDA:0,normalizeServicePayload
FNDA:0,getUserScopedPath
FNDA:1,getServices
FNDA:1,searchServices
FNDA:1,getServicesByType
FNDA:2,getServiceDetail
FNDA:1,getService
FNDA:1,getServiceReviews
FNDA:1,createServiceReview
FNDA:1,replyServiceReview
FNDA:0,getReviewReplies
FNDA:0,deleteServiceReview
FNDA:1,likeServiceReview
FNDA:1,unlikeServiceReview
FNDA:1,addFavorite
FNDA:1,removeFavorite
DA:5,0
DA:20,0
DA:21,0
DA:24,0
DA:30,1
DA:35,1
DA:45,1
DA:55,2
DA:61,1
DA:67,1
DA:72,1
DA:78,1
DA:82,0
DA:87,0
DA:92,1
DA:97,1
DA:103,1
DA:109,1
LF:18
LH:12
BRDA:4,0,0,0
BRDA:6,1,0,0
BRDA:6,1,1,0
BRDA:7,2,0,0
BRDA:7,2,1,0
BRDA:8,3,0,0
BRDA:8,3,1,0
BRDA:9,4,0,0
BRDA:9,4,1,0
BRDA:10,5,0,0
BRDA:10,5,1,0
BRDA:11,6,0,0
BRDA:11,6,1,0
BRDA:12,7,0,0
BRDA:12,7,1,0
BRDA:13,8,0,0
BRDA:13,8,1,0
BRDA:14,9,0,0
BRDA:14,9,1,0
BRDA:20,10,0,0
BRDA:20,10,1,0
BRDA:21,11,0,0
BRDA:21,11,1,0
BRDA:24,12,0,0
BRDA:24,12,1,0
BRDA:29,13,0,0
BRDA:34,14,0,0
BRDA:44,15,0,0
BRDA:66,16,0,0
BRF:29
BRH:0
end_of_record
TN:
SF:src\api\upload.js
FN:4,uploadFile
FNF:1
FNH:1
FNDA:1,uploadFile
DA:5,1
DA:6,1
DA:8,1
LF:3
LH:3
BRF:0
BRH:0
end_of_record
TN:
SF:src\api\users.js
FN:3,normalizeAuthPayload
FN:13,getUserScopedPath
FN:19,login
FN:25,register
FN:31,getUsers
FN:37,searchUsers
FN:47,getUsersByKeyword
FN:53,getUser
FN:59,getCurrentUser
FN:66,updateCurrentUser
FN:72,followUser
FN:78,unfollowUser
FN:84,getMyPosts
FN:90,getMyFavorites
FN:96,getMyOrders
FN:102,getMyFollowing
FN:108,getMyFollowers
FN:113,getUserPosts
FNF:18
FNH:17
FNDA:2,normalizeAuthPayload
FNDA:5,getUserScopedPath
FNDA:1,login
FNDA:1,register
FNDA:1,getUsers
FNDA:2,searchUsers
FNDA:1,getUsersByKeyword
FNDA:1,getUser
FNDA:1,getCurrentUser
FNDA:1,updateCurrentUser
FNDA:1,followUser
FNDA:1,unfollowUser
FNDA:1,getMyPosts
FNDA:1,getMyFavorites
FNDA:1,getMyOrders
FNDA:1,getMyFollowing
FNDA:1,getMyFollowers
FNDA:0,getUserPosts
DA:4,2
DA:5,2
DA:7,2
DA:14,5
DA:20,1
DA:26,1
DA:32,1
DA:38,2
DA:48,1
DA:54,1
DA:60,1
DA:67,1
DA:73,1
DA:79,1
DA:85,1
DA:91,1
DA:97,1
DA:103,1
DA:109,1
DA:114,0
LF:20
LH:19
BRDA:4,0,0,2
BRDA:4,0,1,0
BRDA:5,1,0,2
BRDA:5,1,1,1
BRDA:14,2,0,4
BRDA:14,2,1,1
BRDA:31,3,0,0
BRDA:37,4,0,0
BRDA:47,5,0,0
BRDA:84,6,0,0
BRDA:90,7,0,0
BRDA:96,8,0,0
BRDA:102,9,0,0
BRDA:108,10,0,0
BRDA:113,11,0,0
BRF:15
BRH:5
end_of_record
TN:
SF:src\assets\cat.png
FNF:0
FNH:0
DA:1,1
LF:1
LH:1
BRF:0
BRH:0
end_of_record
TN:
SF:src\components\BottomNav.vue
FN:1,(anonymous_0)
FNF:1
FNH:1
FNDA:2,(anonymous_0)
DA:1,21
DA:26,5
LF:2
LH:2
BRF:0
BRH:0
end_of_record
TN:
SF:src\components\MessageList.vue
FN:1,(anonymous_0)
FNF:1
FNH:1
FNDA:6,(anonymous_0)
DA:1,20
LF:1
LH:1
BRDA:1,0,0,6
BRDA:1,0,1,4
BRF:2
BRH:2
end_of_record
TN:
SF:src\components\OrderList.vue
FN:1,(anonymous_3)
FNF:1
FNH:1
FNDA:15,(anonymous_3)
DA:1,29
DA:60,2
LF:2
LH:2
BRDA:1,0,0,8
BRDA:1,0,1,8
BRF:2
BRH:2
end_of_record
TN:
SF:src\components\PostCard.vue
FN:1,(anonymous_6)
FNF:1
FNH:1
FNDA:22,(anonymous_6)
DA:1,47
DA:54,5
LF:2
LH:2
BRDA:1,0,0,8
BRDA:1,0,1,0
BRF:2
BRH:1
end_of_record
TN:
SF:src\components\PostCommentList.vue
FN:1,(anonymous_20)
FNF:1
FNH:1
FNDA:1,(anonymous_20)
DA:1,12
DA:100,3
LF:2
LH:2
BRDA:1,0,0,0
BRDA:1,0,1,0
BRDA:1,1,0,0
BRDA:1,2,0,0
BRDA:1,2,1,0
BRDA:1,2,2,0
BRDA:1,3,0,0
BRDA:1,3,1,0
BRDA:1,3,2,0
BRDA:1,3,3,0
BRF:10
BRH:0
end_of_record
TN:
SF:src\components\SearchBar.vue
FN:1,(anonymous_3)
FNF:1
FNH:1
FNDA:7,(anonymous_3)
DA:1,28
DA:15,3
LF:2
LH:2
BRDA:1,0,0,0
BRDA:1,1,0,1
BRDA:1,1,1,1
BRF:3
BRH:2
end_of_record
TN:
SF:src\components\ServiceCard.vue
FN:1,(anonymous_2)
FNF:1
FNH:1
FNDA:1,(anonymous_2)
DA:1,15
DA:52,4
LF:2
LH:2
BRDA:1,0,0,0
BRDA:1,0,1,0
BRF:2
BRH:0
end_of_record
TN:
SF:src\components\ServiceMenu.vue
FN:1,(anonymous_2)
FNF:1
FNH:1
FNDA:7,(anonymous_2)
DA:1,15
DA:21,2
LF:2
LH:2
BRF:0
BRH:0
end_of_record
TN:
SF:src\components\UserCard.vue
FN:1,(anonymous_1)
FNF:1
FNH:1
FNDA:7,(anonymous_1)
DA:1,30
DA:24,4
LF:2
LH:2
BRDA:1,0,0,1
BRDA:1,0,1,4
BRF:2
BRH:2
end_of_record
TN:
SF:src\views\Main\HomeView.vue
FN:1,(anonymous_0)
FNF:1
FNH:1
FNDA:9,(anonymous_0)
DA:1,24
LF:1
LH:1
BRDA:1,0,0,3
BRDA:1,0,1,6
BRF:2
BRH:2
end_of_record
TN:
SF:src\views\Main\MessageView.vue
FN:1,(anonymous_0)
FNF:1
FNH:1
FNDA:1,(anonymous_0)
DA:1,6
LF:1
LH:1
BRF:0
BRH:0
end_of_record
TN:
SF:src\views\Main\MineView.vue
FN:1,(anonymous_0)
FNF:1
FNH:1
FNDA:12,(anonymous_0)
DA:1,35
LF:1
LH:1
BRDA:1,0,0,7
BRDA:1,0,1,6
BRF:2
BRH:2
end_of_record
TN:
SF:src\views\Main\PublishView.vue
FN:1,(anonymous_0)
FNF:1
FNH:1
FNDA:14,(anonymous_0)
DA:1,31
LF:1
LH:1
BRDA:1,0,0,15
BRDA:1,0,1,13
BRDA:1,1,0,0
BRF:3
BRH:2
end_of_record
TN:
SF:src\views\Messages\MessagesDetailsView.vue
FN:1,(anonymous_0)
FNF:1
FNH:1
FNDA:23,(anonymous_0)
DA:1,58
LF:1
LH:1
BRDA:1,0,0,31
BRDA:1,0,1,73
BRDA:1,1,0,48
BRDA:1,1,1,39
BRDA:1,1,2,39
BRDA:1,2,0,0
BRF:6
BRH:5
end_of_record
TN:
SF:src\views\Posts\PostDetailsView.vue
FN:105,(anonymous_0)
FNF:1
FNH:1
FNDA:156,(anonymous_0)
DA:105,231
LF:1
LH:1
BRDA:105,0,0,144
BRDA:105,0,1,105
BRDA:105,1,0,0
BRF:3
BRH:2
end_of_record
TN:
SF:src\views\Search\SearchResultsView.vue
FN:1,(anonymous_0)
FNF:1
FNH:1
FNDA:15,(anonymous_0)
DA:1,38
LF:1
LH:1
BRDA:1,0,0,10
BRDA:1,0,1,20
BRF:2
BRH:2
end_of_record
TN:
SF:src\views\Search\SearchView.vue
FN:1,(anonymous_0)
FNF:1
FNH:1
FNDA:71,(anonymous_0)
DA:1,96
LF:1
LH:1
BRDA:1,0,0,0
BRDA:1,1,0,12
BRDA:1,1,1,11
BRF:3
BRH:2
end_of_record
TN:
SF:src\views\Service\AppointmentView.vue
FN:1,(anonymous_0)
FNF:1
FNH:1
FNDA:81,(anonymous_0)
DA:1,94
LF:1
LH:1
BRDA:1,0,0,0
BRF:1
BRH:0
end_of_record
TN:
SF:src\views\Service\ServiceDetailsView.vue
FN:1,(anonymous_0)
FNF:1
FNH:1
FNDA:25,(anonymous_0)
DA:1,34
LF:1
LH:1
BRDA:1,0,0,8
BRDA:1,0,1,27
BRF:2
BRH:2
end_of_record
TN:
SF:src\views\Service\ServiceMerchantView.vue
FN:1,(anonymous_0)
FNF:1
FNH:1
FNDA:1,(anonymous_0)
DA:1,6
LF:1
LH:1
BRDA:1,0,0,1
BRDA:1,0,1,5
BRDA:1,1,0,0
BRF:3
BRH:2
end_of_record
TN:
SF:src\views\Users\EditView.vue
FN:1,(anonymous_0)
FNF:1
FNH:1
FNDA:9,(anonymous_0)
DA:1,30
LF:1
LH:1
BRDA:1,0,0,0
BRF:1
BRH:0
end_of_record
TN:
SF:src\views\Users\FansView.vue
FN:1,(anonymous_0)
FNF:1
FNH:1
FNDA:13,(anonymous_0)
DA:1,32
LF:1
LH:1
BRF:0
BRH:0
end_of_record
TN:
SF:src\views\Users\FocusView.vue
FN:1,(anonymous_0)
FNF:1
FNH:1
FNDA:10,(anonymous_0)
DA:1,27
LF:1
LH:1
BRF:0
BRH:0
end_of_record
TN:
SF:src\views\Users\LoginView.vue
FN:1,(anonymous_0)
FNF:1
FNH:1
FNDA:30,(anonymous_0)
DA:1,91
LF:1
LH:1
BRDA:1,0,0,0
BRF:1
BRH:0
end_of_record
TN:
SF:src\views\Users\OrderDetailsView.vue
FN:1,(anonymous_0)
FNF:1
FNH:1
FNDA:6,(anonymous_0)
DA:1,21
LF:1
LH:1
BRDA:1,0,0,50
BRDA:1,0,1,40
BRDA:1,1,0,6
BRDA:1,1,1,5
BRDA:1,1,2,5
BRF:5
BRH:5
end_of_record
TN:
SF:src\views\Users\RegisterView.vue
FN:1,(anonymous_0)
FNF:1
FNH:1
FNDA:34,(anonymous_0)
DA:1,101
LF:1
LH:1
BRDA:1,0,0,0
BRDA:1,1,0,3
BRDA:1,1,1,27
BRF:3
BRH:2
end_of_record
TN:
SF:src\views\Users\SettingView.vue
FN:1,(anonymous_3)
FNF:1
FNH:1
FNDA:15,(anonymous_3)
DA:1,24
DA:28,1
LF:2
LH:2
BRF:0
BRH:0
end_of_record
TN:
SF:src\views\Users\UserInformationView.vue
FN:1,(anonymous_0)
FNF:1
FNH:1
FNDA:8,(anonymous_0)
DA:1,25
LF:1
LH:1
BRDA:1,0,0,9
BRDA:1,0,1,5
BRF:2
BRH:2
end_of_record
